000 (4546357.000.000) 03/25 20:55:02 Job submitted from host: <188.185.114.121:9618?addrs=188.185.114.121-9618+[2001-1458-d00-a--100-273]-9618&alias=bigbird19.cern.ch&noUDP&sock=schedd_4046901_0ec4>
...
040 (4546357.000.000) 03/25 20:57:08 Started transferring input files
	Transferring to host: <128.142.131.78:9618?addrs=128.142.131.78-9618+[2001-1458-301-59--100-42]-9618&alias=b7g11p6964.cern.ch&noUDP&sock=slot1_38_43984_74f6_129748>
...
040 (4546357.000.000) 03/25 20:57:08 Finished transferring input files
...
001 (4546357.000.000) 03/25 20:57:08 Job executing on host: <128.142.131.78:9618?addrs=128.142.131.78-9618+[2001-1458-301-59--100-42]-9618&alias=b7g11p6964.cern.ch&noUDP&sock=startd_13632_ff22>
...
006 (4546357.000.000) 03/25 20:57:16 Image size of job updated: 692300
	62  -  MemoryUsage of job (MB)
	63056  -  ResidentSetSize of job (KB)
...
040 (4546357.000.000) 03/25 20:57:28 Started transferring output files
...
040 (4546357.000.000) 03/25 20:57:28 Finished transferring output files
...
005 (4546357.000.000) 03/25 20:57:28 Job terminated.
	(1) Normal termination (return value 0)
		Usr 0 00:00:09, Sys 0 00:00:02  -  Run Remote Usage
		Usr 0 00:00:00, Sys 0 00:00:00  -  Run Local Usage
		Usr 0 00:00:09, Sys 0 00:00:02  -  Total Remote Usage
		Usr 0 00:00:00, Sys 0 00:00:00  -  Total Local Usage
	13306  -  Run Bytes Sent By Job
	113  -  Run Bytes Received By Job
	13306  -  Total Bytes Sent By Job
	113  -  Total Bytes Received By Job
	Partitionable Resources :    Usage  Request Allocated 
	   Cpus                 :                 1         1 
	   Disk (KB)            :       29        1   1560556 
	   Memory (MB)          :       62     2000      2000 

	Job terminated of its own accord at 2022-03-25T19:57:28Z.
...
000 (4546582.000.000) 03/26 19:55:26 Job submitted from host: <188.185.114.121:9618?addrs=188.185.114.121-9618+[2001-1458-d00-a--100-273]-9618&alias=bigbird19.cern.ch&noUDP&sock=schedd_4046901_0ec4>
...
040 (4546582.000.000) 03/26 19:57:17 Started transferring input files
	Transferring to host: <128.142.137.41:9618?addrs=128.142.137.41-9618+[2001-1458-301-5e--100-1d]-9618&alias=b7g19p5601.cern.ch&noUDP&sock=slot1_2_31106_bdaa_44260>
...
040 (4546582.000.000) 03/26 19:57:17 Finished transferring input files
...
001 (4546582.000.000) 03/26 19:57:17 Job executing on host: <128.142.137.41:9618?addrs=128.142.137.41-9618+[2001-1458-301-5e--100-1d]-9618&alias=b7g19p5601.cern.ch&noUDP&sock=startd_43073_12e5>
...
006 (4546582.000.000) 03/26 19:57:25 Image size of job updated: 99980
	81  -  MemoryUsage of job (MB)
	82632  -  ResidentSetSize of job (KB)
...
006 (4546582.000.000) 03/26 19:59:24 Image size of job updated: 1240448
	81  -  MemoryUsage of job (MB)
	82652  -  ResidentSetSize of job (KB)
...
040 (4546582.000.000) 03/26 19:59:24 Started transferring output files
...
040 (4546582.000.000) 03/26 19:59:24 Finished transferring output files
...
005 (4546582.000.000) 03/26 19:59:24 Job terminated.
	(1) Normal termination (return value 2)
		Usr 0 00:01:13, Sys 0 00:00:17  -  Run Remote Usage
		Usr 0 00:00:00, Sys 0 00:00:00  -  Run Local Usage
		Usr 0 00:01:13, Sys 0 00:00:17  -  Total Remote Usage
		Usr 0 00:00:00, Sys 0 00:00:00  -  Total Local Usage
	106111  -  Run Bytes Sent By Job
	154  -  Run Bytes Received By Job
	106111  -  Total Bytes Sent By Job
	154  -  Total Bytes Received By Job
	Partitionable Resources :    Usage  Request Allocated 
	   Cpus                 :                 1         1 
	   Disk (KB)            :      124        1   1428735 
	   Memory (MB)          :       81     2000      2000 

	Job terminated of its own accord at 2022-03-26T18:59:24Z.
...
000 (4547271.000.000) 03/27 17:08:18 Job submitted from host: <188.185.114.121:9618?addrs=188.185.114.121-9618+[2001-1458-d00-a--100-273]-9618&alias=bigbird19.cern.ch&noUDP&sock=schedd_4046901_0ec4>
...
040 (4547271.000.000) 03/27 17:24:46 Started transferring input files
	Transferring to host: <128.142.131.39:9618?addrs=128.142.131.39-9618+[2001-1458-301-59--100-1b]-9618&alias=b7g11p4648.cern.ch&noUDP&sock=slot1_11_8583_3ff6_112198>
...
040 (4547271.000.000) 03/27 17:24:46 Finished transferring input files
...
001 (4547271.000.000) 03/27 17:24:46 Job executing on host: <128.142.131.39:9618?addrs=128.142.131.39-9618+[2001-1458-301-59--100-1b]-9618&alias=b7g11p4648.cern.ch&noUDP&sock=startd_7776_4487>
...
006 (4547271.000.000) 03/27 17:24:55 Image size of job updated: 413464
	17  -  MemoryUsage of job (MB)
	16660  -  ResidentSetSize of job (KB)
...
006 (4547271.000.000) 03/27 17:25:09 Image size of job updated: 1131848
	17  -  MemoryUsage of job (MB)
	16660  -  ResidentSetSize of job (KB)
...
040 (4547271.000.000) 03/27 17:25:09 Started transferring output files
...
040 (4547271.000.000) 03/27 17:25:09 Finished transferring output files
...
005 (4547271.000.000) 03/27 17:25:09 Job terminated.
	(1) Normal termination (return value 2)
		Usr 0 00:00:08, Sys 0 00:00:02  -  Run Remote Usage
		Usr 0 00:00:00, Sys 0 00:00:00  -  Run Local Usage
		Usr 0 00:00:08, Sys 0 00:00:02  -  Total Remote Usage
		Usr 0 00:00:00, Sys 0 00:00:00  -  Total Local Usage
	13365  -  Run Bytes Sent By Job
	154  -  Run Bytes Received By Job
	13365  -  Total Bytes Sent By Job
	154  -  Total Bytes Received By Job
	Partitionable Resources :    Usage  Request Allocated 
	   Cpus                 :                 1         1 
	   Disk (KB)            :       30        1   1656908 
	   Memory (MB)          :       17     2000      2000 

	Job terminated of its own accord at 2022-03-27T15:25:09Z.
...
000 (4547272.000.000) 03/27 17:35:02 Job submitted from host: <188.185.114.121:9618?addrs=188.185.114.121-9618+[2001-1458-d00-a--100-273]-9618&alias=bigbird19.cern.ch&noUDP&sock=schedd_4046901_0ec4>
...
009 (4547272.000.000) 03/27 17:43:32 Job was aborted.
	via condor_rm (by user eyuksel)
...
000 (4547273.000.000) 03/27 17:44:41 Job submitted from host: <188.185.114.121:9618?addrs=188.185.114.121-9618+[2001-1458-d00-a--100-273]-9618&alias=bigbird19.cern.ch&noUDP&sock=schedd_4046901_0ec4>
...
040 (4547273.000.000) 03/27 17:55:05 Started transferring input files
	Transferring to host: <128.142.56.171:9618?addrs=128.142.56.171-9618+[2001-1458-301-6--100-aa]-9618&alias=b7s01p4422.cern.ch&noUDP&sock=slot1_28_3829_a075_107122>
...
001 (4547273.000.000) 03/27 17:55:05 Job executing on host: <128.142.56.171:9618?addrs=128.142.56.171-9618+[2001-1458-301-6--100-aa]-9618&alias=b7s01p4422.cern.ch&noUDP&sock=startd_3167_e086>
...
040 (4547273.000.000) 03/27 17:55:05 Finished transferring input files
...
006 (4547273.000.000) 03/27 17:55:13 Image size of job updated: 1188064
	81  -  MemoryUsage of job (MB)
	82688  -  ResidentSetSize of job (KB)
...
006 (4547273.000.000) 03/27 17:55:14 Image size of job updated: 1188064
	82  -  MemoryUsage of job (MB)
	83340  -  ResidentSetSize of job (KB)
...
040 (4547273.000.000) 03/27 17:55:14 Started transferring output files
...
040 (4547273.000.000) 03/27 17:55:14 Finished transferring output files
...
005 (4547273.000.000) 03/27 17:55:14 Job terminated.
	(1) Normal termination (return value 2)
		Usr 0 00:00:04, Sys 0 00:00:01  -  Run Remote Usage
		Usr 0 00:00:00, Sys 0 00:00:00  -  Run Local Usage
		Usr 0 00:00:04, Sys 0 00:00:01  -  Total Remote Usage
		Usr 0 00:00:00, Sys 0 00:00:00  -  Total Local Usage
	13427  -  Run Bytes Sent By Job
	157  -  Run Bytes Received By Job
	13427  -  Total Bytes Sent By Job
	157  -  Total Bytes Received By Job
	Partitionable Resources :    Usage  Request Allocated 
	   Cpus                 :                 1         1 
	   Disk (KB)            :       30        1   1074649 
	   Memory (MB)          :       82     2000      2000 

	Job terminated of its own accord at 2022-03-27T15:55:14Z.
...
000 (4548024.000.000) 03/30 10:52:42 Job submitted from host: <188.185.114.121:9618?addrs=188.185.114.121-9618+[2001-1458-d00-a--100-273]-9618&alias=bigbird19.cern.ch&noUDP&sock=schedd_4046901_0ec4>
...
040 (4548024.000.000) 03/30 11:00:04 Started transferring input files
	Transferring to host: <128.142.61.77:9618?addrs=128.142.61.77-9618&alias=b7s06p7522.cern.ch&noUDP&sock=slot1_25_3075_5d96_114070>
...
040 (4548024.000.000) 03/30 11:00:04 Finished transferring input files
...
001 (4548024.000.000) 03/30 11:00:04 Job executing on host: <128.142.61.77:9618?addrs=128.142.61.77-9618&alias=b7s06p7522.cern.ch&noUDP&sock=startd_2578_df3e>
...
006 (4548024.000.000) 03/30 11:00:12 Image size of job updated: 123576
	76  -  MemoryUsage of job (MB)
	77172  -  ResidentSetSize of job (KB)
...
040 (4548024.000.000) 03/30 11:00:14 Started transferring output files
...
040 (4548024.000.000) 03/30 11:00:14 Finished transferring output files
...
005 (4548024.000.000) 03/30 11:00:14 Job terminated.
	(1) Normal termination (return value 2)
		Usr 0 00:00:04, Sys 0 00:00:01  -  Run Remote Usage
		Usr 0 00:00:00, Sys 0 00:00:00  -  Run Local Usage
		Usr 0 00:00:04, Sys 0 00:00:01  -  Total Remote Usage
		Usr 0 00:00:00, Sys 0 00:00:00  -  Total Local Usage
	13431  -  Run Bytes Sent By Job
	157  -  Run Bytes Received By Job
	13431  -  Total Bytes Sent By Job
	157  -  Total Bytes Received By Job
	Partitionable Resources :    Usage  Request Allocated 
	   Cpus                 :                 1         1 
	   Disk (KB)            :       30        1   1274356 
	   Memory (MB)          :       76     2000      2000 

	Job terminated of its own accord at 2022-03-30T09:00:13Z.
...
000 (4548029.000.000) 03/30 11:28:33 Job submitted from host: <188.185.114.121:9618?addrs=188.185.114.121-9618+[2001-1458-d00-a--100-273]-9618&alias=bigbird19.cern.ch&noUDP&sock=schedd_4046901_0ec4>
...
040 (4548029.000.000) 03/30 11:53:40 Started transferring input files
	Transferring to host: <188.185.105.60:9618?addrs=188.185.105.60-9618+[2001-1458-d00-3e--100-165]-9618&alias=b7g50s8135.cern.ch&noUDP&sock=slot1_16_2914_ed30_65710>
...
040 (4548029.000.000) 03/30 11:53:40 Finished transferring input files
...
001 (4548029.000.000) 03/30 11:53:40 Job executing on host: <188.185.105.60:9618?addrs=188.185.105.60-9618+[2001-1458-d00-3e--100-165]-9618&alias=b7g50s8135.cern.ch&noUDP&sock=startd_2164_e709>
...
006 (4548029.000.000) 03/30 11:53:48 Image size of job updated: 29404
	3  -  MemoryUsage of job (MB)
	2512  -  ResidentSetSize of job (KB)
...
006 (4548029.000.000) 03/30 11:53:49 Image size of job updated: 29404
	3  -  MemoryUsage of job (MB)
	2564  -  ResidentSetSize of job (KB)
...
040 (4548029.000.000) 03/30 11:53:49 Started transferring output files
...
040 (4548029.000.000) 03/30 11:53:49 Finished transferring output files
...
005 (4548029.000.000) 03/30 11:53:49 Job terminated.
	(1) Normal termination (return value 2)
		Usr 0 00:00:05, Sys 0 00:00:01  -  Run Remote Usage
		Usr 0 00:00:00, Sys 0 00:00:00  -  Run Local Usage
		Usr 0 00:00:05, Sys 0 00:00:01  -  Total Remote Usage
		Usr 0 00:00:00, Sys 0 00:00:00  -  Total Local Usage
	13416  -  Run Bytes Sent By Job
	157  -  Run Bytes Received By Job
	13416  -  Total Bytes Sent By Job
	157  -  Total Bytes Received By Job
	Partitionable Resources :    Usage  Request Allocated 
	   Cpus                 :                 1         1 
	   Disk (KB)            :       31        1    289956 
	   Memory (MB)          :        3     2000      2000 

	Job terminated of its own accord at 2022-03-30T09:53:49Z.
...
000 (4548073.000.000) 03/30 14:34:40 Job submitted from host: <188.185.114.121:9618?addrs=188.185.114.121-9618+[2001-1458-d00-a--100-273]-9618&alias=bigbird19.cern.ch&noUDP&sock=schedd_4046901_0ec4>
...
040 (4548073.000.000) 03/30 14:43:34 Started transferring input files
	Transferring to host: <188.184.162.206:9618?addrs=188.184.162.206-9618+[2001-1458-301-4a--100-c8]-9618&alias=b7s11p7753.cern.ch&noUDP&sock=slot1_3_17832_01ce_67256>
...
040 (4548073.000.000) 03/30 14:43:34 Finished transferring input files
...
001 (4548073.000.000) 03/30 14:43:34 Job executing on host: <188.184.162.206:9618?addrs=188.184.162.206-9618+[2001-1458-301-4a--100-c8]-9618&alias=b7s11p7753.cern.ch&noUDP&sock=startd_3277_53f1>
...
006 (4548073.000.000) 03/30 14:43:43 Image size of job updated: 704
	1  -  MemoryUsage of job (MB)
	704  -  ResidentSetSize of job (KB)
...
006 (4548073.000.000) 03/30 14:44:27 Image size of job updated: 423528
	1  -  MemoryUsage of job (MB)
	704  -  ResidentSetSize of job (KB)
...
040 (4548073.000.000) 03/30 14:44:27 Started transferring output files
...
040 (4548073.000.000) 03/30 14:44:27 Finished transferring output files
...
005 (4548073.000.000) 03/30 14:44:27 Job terminated.
	(1) Normal termination (return value 2)
		Usr 0 00:00:07, Sys 0 00:00:05  -  Run Remote Usage
		Usr 0 00:00:00, Sys 0 00:00:00  -  Run Local Usage
		Usr 0 00:00:07, Sys 0 00:00:05  -  Total Remote Usage
		Usr 0 00:00:00, Sys 0 00:00:00  -  Total Local Usage
	13416  -  Run Bytes Sent By Job
	502  -  Run Bytes Received By Job
	13416  -  Total Bytes Sent By Job
	502  -  Total Bytes Received By Job
	Partitionable Resources :    Usage  Request Allocated 
	   Cpus                 :                 1         1 
	   Disk (KB)            :   334876        1   2894392 
	   Memory (MB)          :        1     2000      2000 

	Job terminated of its own accord at 2022-03-30T12:44:27Z.
...
000 (4548989.000.000) 03/30 17:29:10 Job submitted from host: <188.185.114.121:9618?addrs=188.185.114.121-9618+[2001-1458-d00-a--100-273]-9618&alias=bigbird19.cern.ch&noUDP&sock=schedd_4046901_0ec4>
...
040 (4548989.000.000) 03/30 17:38:48 Started transferring input files
	Transferring to host: <188.185.105.60:9618?addrs=188.185.105.60-9618+[2001-1458-d00-3e--100-165]-9618&alias=b7g50s8135.cern.ch&noUDP&sock=slot1_7_2914_ed30_66016>
...
001 (4548989.000.000) 03/30 17:38:48 Job executing on host: <188.185.105.60:9618?addrs=188.185.105.60-9618+[2001-1458-d00-3e--100-165]-9618&alias=b7g50s8135.cern.ch&noUDP&sock=startd_2164_e709>
...
040 (4548989.000.000) 03/30 17:38:48 Finished transferring input files
...
006 (4548989.000.000) 03/30 17:38:57 Image size of job updated: 704
	1  -  MemoryUsage of job (MB)
	704  -  ResidentSetSize of job (KB)
...
006 (4548989.000.000) 03/30 17:43:58 Image size of job updated: 636020
	159  -  MemoryUsage of job (MB)
	162236  -  ResidentSetSize of job (KB)
...
006 (4548989.000.000) 03/30 17:47:40 Image size of job updated: 742680
	159  -  MemoryUsage of job (MB)
	162236  -  ResidentSetSize of job (KB)
...
040 (4548989.000.000) 03/30 17:47:40 Started transferring output files
...
040 (4548989.000.000) 03/30 17:47:40 Finished transferring output files
...
005 (4548989.000.000) 03/30 17:47:40 Job terminated.
	(1) Normal termination (return value 0)
		Usr 0 00:01:34, Sys 0 00:00:08  -  Run Remote Usage
		Usr 0 00:00:00, Sys 0 00:00:00  -  Run Local Usage
		Usr 0 00:01:34, Sys 0 00:00:08  -  Total Remote Usage
		Usr 0 00:00:00, Sys 0 00:00:00  -  Total Local Usage
	565028  -  Run Bytes Sent By Job
	685  -  Run Bytes Received By Job
	565028  -  Total Bytes Sent By Job
	685  -  Total Bytes Received By Job
	Partitionable Resources :     Usage  Request Allocated 
	   Cpus                 :      0.12        1         1 
	   Disk (KB)            : 391387           1    268306 
	   Memory (MB)          :    159        2000      2000 

	Job terminated of its own accord at 2022-03-30T15:47:40Z.
...
000 (4549054.000.000) 03/30 18:59:30 Job submitted from host: <188.185.114.121:9618?addrs=188.185.114.121-9618+[2001-1458-d00-a--100-273]-9618&alias=bigbird19.cern.ch&noUDP&sock=schedd_4046901_0ec4>
...
040 (4549054.000.000) 03/30 20:42:34 Started transferring input files
	Transferring to host: <128.142.131.95:9618?addrs=128.142.131.95-9618+[2001-1458-301-59--100-53]-9618&alias=b7g11p9418.cern.ch&noUDP&sock=slot1_23_19004_c97e_30198>
...
001 (4549054.000.000) 03/30 20:42:34 Job executing on host: <128.142.131.95:9618?addrs=128.142.131.95-9618+[2001-1458-301-59--100-53]-9618&alias=b7g11p9418.cern.ch&noUDP&sock=startd_18967_5ce4>
...
040 (4549054.000.000) 03/30 20:42:34 Finished transferring input files
...
006 (4549054.000.000) 03/30 20:42:43 Image size of job updated: 1452
	1  -  MemoryUsage of job (MB)
	700  -  ResidentSetSize of job (KB)
...
006 (4549054.000.000) 03/30 20:47:43 Image size of job updated: 589756
	110  -  MemoryUsage of job (MB)
	111796  -  ResidentSetSize of job (KB)
...
006 (4549054.000.000) 03/30 20:52:43 Image size of job updated: 670156
	232  -  MemoryUsage of job (MB)
	237384  -  ResidentSetSize of job (KB)
...
006 (4549054.000.000) 03/30 20:56:06 Image size of job updated: 742676
	232  -  MemoryUsage of job (MB)
	237384  -  ResidentSetSize of job (KB)
...
040 (4549054.000.000) 03/30 20:56:06 Started transferring output files
...
040 (4549054.000.000) 03/30 20:56:06 Finished transferring output files
...
005 (4549054.000.000) 03/30 20:56:07 Job terminated.
	(1) Normal termination (return value 0)
		Usr 0 00:02:33, Sys 0 00:00:17  -  Run Remote Usage
		Usr 0 00:00:00, Sys 0 00:00:00  -  Run Local Usage
		Usr 0 00:02:33, Sys 0 00:00:17  -  Total Remote Usage
		Usr 0 00:00:00, Sys 0 00:00:00  -  Total Local Usage
	565113  -  Run Bytes Sent By Job
	689  -  Run Bytes Received By Job
	565113  -  Total Bytes Sent By Job
	689  -  Total Bytes Received By Job
	Partitionable Resources :     Usage  Request Allocated 
	   Cpus                 :      0.08        1         1 
	   Disk (KB)            : 391387           1   1535697 
	   Memory (MB)          :    232        2000      2000 

	Job terminated of its own accord at 2022-03-30T18:56:06Z.
...
000 (4549698.000.000) 03/30 23:28:50 Job submitted from host: <188.185.114.121:9618?addrs=188.185.114.121-9618+[2001-1458-d00-a--100-273]-9618&alias=bigbird19.cern.ch&noUDP&sock=schedd_4046901_0ec4>
...
040 (4549698.000.000) 03/30 23:48:12 Started transferring input files
	Transferring to host: <128.142.131.43:9618?addrs=128.142.131.43-9618+[2001-1458-301-59--100-1f]-9618&alias=b7g11p9864.cern.ch&noUDP&sock=slot1_2_7094_1d5a_30055>
...
040 (4549698.000.000) 03/30 23:48:12 Finished transferring input files
...
001 (4549698.000.000) 03/30 23:48:12 Job executing on host: <128.142.131.43:9618?addrs=128.142.131.43-9618+[2001-1458-301-59--100-1f]-9618&alias=b7g11p9864.cern.ch&noUDP&sock=startd_3187_986b>
...
006 (4549698.000.000) 03/30 23:48:20 Image size of job updated: 264364
	1  -  MemoryUsage of job (MB)
	704  -  ResidentSetSize of job (KB)
...
006 (4549698.000.000) 03/30 23:53:20 Image size of job updated: 3971792
	3741  -  MemoryUsage of job (MB)
	3830696  -  ResidentSetSize of job (KB)
...
006 (4549698.000.000) 03/30 23:58:21 Image size of job updated: 6446660
	5882  -  MemoryUsage of job (MB)
	6022328  -  ResidentSetSize of job (KB)
...
006 (4549698.000.000) 03/31 00:03:22 Image size of job updated: 12949332
	11059  -  MemoryUsage of job (MB)
	11323424  -  ResidentSetSize of job (KB)
...
006 (4549698.000.000) 03/31 00:08:22 Image size of job updated: 12949332
	12092  -  MemoryUsage of job (MB)
	12381232  -  ResidentSetSize of job (KB)
...
006 (4549698.000.000) 03/31 00:33:24 Image size of job updated: 13468096
	12092  -  MemoryUsage of job (MB)
	12381232  -  ResidentSetSize of job (KB)
...
006 (4549698.000.000) 03/31 00:38:25 Image size of job updated: 14475340
	12092  -  MemoryUsage of job (MB)
	12381232  -  ResidentSetSize of job (KB)
...
006 (4549698.000.000) 03/31 00:43:16 Image size of job updated: 14998856
	12092  -  MemoryUsage of job (MB)
	12381232  -  ResidentSetSize of job (KB)
...
040 (4549698.000.000) 03/31 00:43:16 Started transferring output files
...
040 (4549698.000.000) 03/31 00:43:17 Finished transferring output files
...
005 (4549698.000.000) 03/31 00:43:17 Job terminated.
	(1) Normal termination (return value 0)
		Usr 0 00:41:35, Sys 0 00:01:16  -  Run Remote Usage
		Usr 0 00:00:00, Sys 0 00:00:00  -  Run Local Usage
		Usr 0 00:41:35, Sys 0 00:01:16  -  Total Remote Usage
		Usr 0 00:00:00, Sys 0 00:00:00  -  Total Local Usage
	589396  -  Run Bytes Sent By Job
	689  -  Run Bytes Received By Job
	589396  -  Total Bytes Sent By Job
	689  -  Total Bytes Received By Job
	Partitionable Resources :      Usage  Request Allocated 
	   Cpus                 :       0.94        1         1 
	   Disk (KB)            : 4820105           1   1282766 
	   Memory (MB)          :   12092        2000      2000 

	Job terminated of its own accord at 2022-03-30T22:43:16Z.
...
000 (4550088.000.000) 03/31 09:11:17 Job submitted from host: <188.185.114.121:9618?addrs=188.185.114.121-9618+[2001-1458-d00-a--100-273]-9618&alias=bigbird19.cern.ch&noUDP&sock=schedd_4046901_0ec4>
...
040 (4550088.000.000) 03/31 09:18:14 Started transferring input files
	Transferring to host: <128.142.57.141:9618?addrs=128.142.57.141-9618+[2001-1458-301-7--100-8c]-9618&alias=b7s02p8923.cern.ch&noUDP&sock=slot1_31_3583_4c2b_111869>
...
040 (4550088.000.000) 03/31 09:18:14 Finished transferring input files
...
001 (4550088.000.000) 03/31 09:18:14 Job executing on host: <128.142.57.141:9618?addrs=128.142.57.141-9618+[2001-1458-301-7--100-8c]-9618&alias=b7s02p8923.cern.ch&noUDP&sock=startd_2876_4677>
...
006 (4550088.000.000) 03/31 09:18:23 Image size of job updated: 708
	1  -  MemoryUsage of job (MB)
	708  -  ResidentSetSize of job (KB)
...
006 (4550088.000.000) 03/31 09:23:24 Image size of job updated: 539376
	79  -  MemoryUsage of job (MB)
	80240  -  ResidentSetSize of job (KB)
...
006 (4550088.000.000) 03/31 09:28:24 Image size of job updated: 565496
	79  -  MemoryUsage of job (MB)
	80488  -  ResidentSetSize of job (KB)
...
006 (4550088.000.000) 03/31 09:33:24 Image size of job updated: 583368
	105  -  MemoryUsage of job (MB)
	107476  -  ResidentSetSize of job (KB)
...
006 (4550088.000.000) 03/31 09:38:25 Image size of job updated: 612244
	172  -  MemoryUsage of job (MB)
	175652  -  ResidentSetSize of job (KB)
...
006 (4550088.000.000) 03/31 09:43:25 Image size of job updated: 621360
	172  -  MemoryUsage of job (MB)
	175652  -  ResidentSetSize of job (KB)
...
006 (4550088.000.000) 03/31 09:48:25 Image size of job updated: 649792
	209  -  MemoryUsage of job (MB)
	213516  -  ResidentSetSize of job (KB)
...
006 (4550088.000.000) 03/31 09:53:26 Image size of job updated: 667972
	224  -  MemoryUsage of job (MB)
	228372  -  ResidentSetSize of job (KB)
...
006 (4550088.000.000) 03/31 09:58:26 Image size of job updated: 676844
	232  -  MemoryUsage of job (MB)
	237364  -  ResidentSetSize of job (KB)
...
006 (4550088.000.000) 03/31 10:03:26 Image size of job updated: 683396
	237  -  MemoryUsage of job (MB)
	242412  -  ResidentSetSize of job (KB)
...
006 (4550088.000.000) 03/31 10:08:27 Image size of job updated: 697584
	237  -  MemoryUsage of job (MB)
	242412  -  ResidentSetSize of job (KB)
...
006 (4550088.000.000) 03/31 10:13:27 Image size of job updated: 728452
	280  -  MemoryUsage of job (MB)
	285828  -  ResidentSetSize of job (KB)
...
006 (4550088.000.000) 03/31 10:17:31 Image size of job updated: 818580
	280  -  MemoryUsage of job (MB)
	285828  -  ResidentSetSize of job (KB)
...
040 (4550088.000.000) 03/31 10:17:31 Started transferring output files
...
040 (4550088.000.000) 03/31 10:17:31 Finished transferring output files
...
005 (4550088.000.000) 03/31 10:17:31 Job terminated.
	(1) Normal termination (return value 0)
		Usr 0 00:01:19, Sys 0 00:00:08  -  Run Remote Usage
		Usr 0 00:00:00, Sys 0 00:00:00  -  Run Local Usage
		Usr 0 00:01:19, Sys 0 00:00:08  -  Total Remote Usage
		Usr 0 00:00:00, Sys 0 00:00:00  -  Total Local Usage
	552794  -  Run Bytes Sent By Job
	690  -  Run Bytes Received By Job
	552794  -  Total Bytes Sent By Job
	690  -  Total Bytes Received By Job
	Partitionable Resources :     Usage  Request Allocated 
	   Cpus                 :      0.02        1         1 
	   Disk (KB)            : 391394           1   1291140 
	   Memory (MB)          :    280        2000      2000 

	Job terminated of its own accord at 2022-03-31T08:17:31Z.
...
000 (4550145.000.000) 03/31 10:41:35 Job submitted from host: <188.185.114.121:9618?addrs=188.185.114.121-9618+[2001-1458-d00-a--100-273]-9618&alias=bigbird19.cern.ch&noUDP&sock=schedd_4046901_0ec4>
...
009 (4550145.000.000) 03/31 10:45:37 Job was aborted.
	via condor_rm (by user eyuksel)
...
000 (4550168.000.000) 03/31 10:46:29 Job submitted from host: <188.185.114.121:9618?addrs=188.185.114.121-9618+[2001-1458-d00-a--100-273]-9618&alias=bigbird19.cern.ch&noUDP&sock=schedd_4046901_0ec4>
...
040 (4550168.000.000) 03/31 10:55:00 Started transferring input files
	Transferring to host: <128.142.137.220:9618?addrs=128.142.137.220-9618+[2001-1458-301-5e--100-d0]-9618&alias=b7g19p0845.cern.ch&noUDP&sock=slot1_21_28966_ead3_145604>
...
001 (4550168.000.000) 03/31 10:55:00 Job executing on host: <128.142.137.220:9618?addrs=128.142.137.220-9618+[2001-1458-301-5e--100-d0]-9618&alias=b7g19p0845.cern.ch&noUDP&sock=startd_28910_6f10>
...
040 (4550168.000.000) 03/31 10:55:00 Finished transferring input files
...
006 (4550168.000.000) 03/31 10:55:09 Image size of job updated: 712
	1  -  MemoryUsage of job (MB)
	712  -  ResidentSetSize of job (KB)
...
006 (4550168.000.000) 03/31 10:55:52 Image size of job updated: 1082040
	1  -  MemoryUsage of job (MB)
	712  -  ResidentSetSize of job (KB)
...
040 (4550168.000.000) 03/31 10:55:52 Started transferring output files
...
040 (4550168.000.000) 03/31 10:55:52 Finished transferring output files
...
005 (4550168.000.000) 03/31 10:55:52 Job terminated.
	(1) Normal termination (return value 0)
		Usr 0 00:00:19, Sys 0 00:00:07  -  Run Remote Usage
		Usr 0 00:00:00, Sys 0 00:00:00  -  Run Local Usage
		Usr 0 00:00:19, Sys 0 00:00:07  -  Total Remote Usage
		Usr 0 00:00:00, Sys 0 00:00:00  -  Total Local Usage
	36282  -  Run Bytes Sent By Job
	721  -  Run Bytes Received By Job
	36282  -  Total Bytes Sent By Job
	721  -  Total Bytes Received By Job
	Partitionable Resources :    Usage  Request Allocated 
	   Cpus                 :                 1         1 
	   Disk (KB)            :   334902        1   1687028 
	   Memory (MB)          :        1     2000      2000 

	Job terminated of its own accord at 2022-03-31T08:55:52Z.
...
000 (4550221.000.000) 03/31 11:18:40 Job submitted from host: <188.185.114.121:9618?addrs=188.185.114.121-9618+[2001-1458-d00-a--100-273]-9618&alias=bigbird19.cern.ch&noUDP&sock=schedd_4046901_0ec4>
...
040 (4550221.000.000) 03/31 12:04:16 Started transferring input files
	Transferring to host: <188.184.163.151:9618?addrs=188.184.163.151-9618+[2001-1458-301-4d--100-91]-9618&alias=b7s12p1115.cern.ch&noUDP&sock=slot1_19_3951_963a_111384>
...
001 (4550221.000.000) 03/31 12:04:16 Job executing on host: <188.184.163.151:9618?addrs=188.184.163.151-9618+[2001-1458-301-4d--100-91]-9618&alias=b7s12p1115.cern.ch&noUDP&sock=startd_3297_0bd6>
...
040 (4550221.000.000) 03/31 12:04:16 Finished transferring input files
...
006 (4550221.000.000) 03/31 12:04:25 Image size of job updated: 264364
	1  -  MemoryUsage of job (MB)
	704  -  ResidentSetSize of job (KB)
...
006 (4550221.000.000) 03/31 12:09:26 Image size of job updated: 565488
	79  -  MemoryUsage of job (MB)
	80148  -  ResidentSetSize of job (KB)
...
006 (4550221.000.000) 03/31 12:14:26 Image size of job updated: 589432
	110  -  MemoryUsage of job (MB)
	112144  -  ResidentSetSize of job (KB)
...
006 (4550221.000.000) 03/31 12:19:27 Image size of job updated: 615000
	159  -  MemoryUsage of job (MB)
	162076  -  ResidentSetSize of job (KB)
...
006 (4550221.000.000) 03/31 12:24:28 Image size of job updated: 619512
	181  -  MemoryUsage of job (MB)
	184764  -  ResidentSetSize of job (KB)
...
006 (4550221.000.000) 03/31 12:29:28 Image size of job updated: 651168
	236  -  MemoryUsage of job (MB)
	240800  -  ResidentSetSize of job (KB)
...
006 (4550221.000.000) 03/31 12:34:30 Image size of job updated: 677552
	236  -  MemoryUsage of job (MB)
	240800  -  ResidentSetSize of job (KB)
...
006 (4550221.000.000) 03/31 12:39:30 Image size of job updated: 683388
	242  -  MemoryUsage of job (MB)
	246792  -  ResidentSetSize of job (KB)
...
006 (4550221.000.000) 03/31 12:44:30 Image size of job updated: 717832
	253  -  MemoryUsage of job (MB)
	258640  -  ResidentSetSize of job (KB)
...
006 (4550221.000.000) 03/31 12:46:32 Image size of job updated: 1091552
	253  -  MemoryUsage of job (MB)
	258640  -  ResidentSetSize of job (KB)
...
040 (4550221.000.000) 03/31 12:46:32 Started transferring output files
...
040 (4550221.000.000) 03/31 12:46:32 Finished transferring output files
...
005 (4550221.000.000) 03/31 12:46:32 Job terminated.
	(1) Normal termination (return value 0)
		Usr 0 00:02:27, Sys 0 00:00:14  -  Run Remote Usage
		Usr 0 00:00:00, Sys 0 00:00:00  -  Run Local Usage
		Usr 0 00:02:27, Sys 0 00:00:14  -  Total Remote Usage
		Usr 0 00:00:00, Sys 0 00:00:00  -  Total Local Usage
	588511  -  Run Bytes Sent By Job
	683  -  Run Bytes Received By Job
	588511  -  Total Bytes Sent By Job
	683  -  Total Bytes Received By Job
	Partitionable Resources :     Usage  Request Allocated 
	   Cpus                 :      0.00        1         1 
	   Disk (KB)            : 391424           1   3001015 
	   Memory (MB)          :    253        2000      2000 

	Job terminated of its own accord at 2022-03-31T10:46:32Z.
...
000 (4550989.000.000) 03/31 13:33:08 Job submitted from host: <188.185.114.121:9618?addrs=188.185.114.121-9618+[2001-1458-d00-a--100-273]-9618&alias=bigbird19.cern.ch&noUDP&sock=schedd_4046901_0ec4>
...
040 (4550989.000.000) 03/31 13:55:37 Started transferring input files
	Transferring to host: <128.142.137.185:9618?addrs=128.142.137.185-9618+[2001-1458-301-5e--100-ad]-9618&alias=b7g19p4158.cern.ch&noUDP&sock=slot1_21_30921_6442_144404>
...
001 (4550989.000.000) 03/31 13:55:37 Job executing on host: <128.142.137.185:9618?addrs=128.142.137.185-9618+[2001-1458-301-5e--100-ad]-9618&alias=b7g19p4158.cern.ch&noUDP&sock=startd_30858_998d>
...
040 (4550989.000.000) 03/31 13:55:37 Finished transferring input files
...
006 (4550989.000.000) 03/31 13:55:47 Image size of job updated: 700
	1  -  MemoryUsage of job (MB)
	700  -  ResidentSetSize of job (KB)
...
006 (4550989.000.000) 03/31 14:00:47 Image size of job updated: 541612
	79  -  MemoryUsage of job (MB)
	80132  -  ResidentSetSize of job (KB)
...
006 (4550989.000.000) 03/31 14:05:47 Image size of job updated: 591664
	110  -  MemoryUsage of job (MB)
	111860  -  ResidentSetSize of job (KB)
...
006 (4550989.000.000) 03/31 14:10:48 Image size of job updated: 614228
	158  -  MemoryUsage of job (MB)
	161172  -  ResidentSetSize of job (KB)
...
006 (4550989.000.000) 03/31 14:15:48 Image size of job updated: 646520
	158  -  MemoryUsage of job (MB)
	161396  -  ResidentSetSize of job (KB)
...
006 (4550989.000.000) 03/31 14:20:48 Image size of job updated: 672476
	223  -  MemoryUsage of job (MB)
	228040  -  ResidentSetSize of job (KB)
...
006 (4550989.000.000) 03/31 14:25:49 Image size of job updated: 672476
	228  -  MemoryUsage of job (MB)
	232840  -  ResidentSetSize of job (KB)
...
006 (4550989.000.000) 03/31 14:30:49 Image size of job updated: 688424
	246  -  MemoryUsage of job (MB)
	251840  -  ResidentSetSize of job (KB)
...
006 (4550989.000.000) 03/31 14:35:50 Image size of job updated: 692620
	246  -  MemoryUsage of job (MB)
	251840  -  ResidentSetSize of job (KB)
...
006 (4550989.000.000) 03/31 14:40:50 Image size of job updated: 721660
	374  -  MemoryUsage of job (MB)
	382972  -  ResidentSetSize of job (KB)
...
006 (4550989.000.000) 03/31 14:41:44 Image size of job updated: 1249592
	374  -  MemoryUsage of job (MB)
	382972  -  ResidentSetSize of job (KB)
...
040 (4550989.000.000) 03/31 14:41:44 Started transferring output files
...
040 (4550989.000.000) 03/31 14:41:45 Finished transferring output files
...
005 (4550989.000.000) 03/31 14:41:45 Job terminated.
	(1) Normal termination (return value 0)
		Usr 0 00:02:43, Sys 0 00:00:17  -  Run Remote Usage
		Usr 0 00:00:00, Sys 0 00:00:00  -  Run Local Usage
		Usr 0 00:02:43, Sys 0 00:00:17  -  Total Remote Usage
		Usr 0 00:00:00, Sys 0 00:00:00  -  Total Local Usage
	587851  -  Run Bytes Sent By Job
	724  -  Run Bytes Received By Job
	587851  -  Total Bytes Sent By Job
	724  -  Total Bytes Received By Job
	Partitionable Resources :     Usage  Request Allocated 
	   Cpus                 :      0.65        1         1 
	   Disk (KB)            : 391430           1   1669804 
	   Memory (MB)          :    374        2000      2000 

	Job terminated of its own accord at 2022-03-31T12:41:44Z.
...
000 (4551128.000.000) 03/31 15:30:15 Job submitted from host: <188.185.114.121:9618?addrs=188.185.114.121-9618+[2001-1458-d00-a--100-273]-9618&alias=bigbird19.cern.ch&noUDP&sock=schedd_4046901_0ec4>
...
040 (4551128.000.000) 03/31 15:32:49 Started transferring input files
	Transferring to host: <188.184.162.226:9618?addrs=188.184.162.226-9618+[2001-1458-301-4a--100-dc]-9618&alias=b7s11p1941.cern.ch&noUDP&sock=slot1_19_4053_747e_110172>
...
001 (4551128.000.000) 03/31 15:32:49 Job executing on host: <188.184.162.226:9618?addrs=188.184.162.226-9618+[2001-1458-301-4a--100-dc]-9618&alias=b7s11p1941.cern.ch&noUDP&sock=startd_3360_424e>
...
040 (4551128.000.000) 03/31 15:32:49 Finished transferring input files
...
006 (4551128.000.000) 03/31 15:32:59 Image size of job updated: 704
	1  -  MemoryUsage of job (MB)
	704  -  ResidentSetSize of job (KB)
...
006 (4551128.000.000) 03/31 15:37:59 Image size of job updated: 546124
	79  -  MemoryUsage of job (MB)
	80492  -  ResidentSetSize of job (KB)
...
006 (4551128.000.000) 03/31 15:42:59 Image size of job updated: 576372
	105  -  MemoryUsage of job (MB)
	107488  -  ResidentSetSize of job (KB)
...
006 (4551128.000.000) 03/31 15:48:00 Image size of job updated: 619120
	159  -  MemoryUsage of job (MB)
	162324  -  ResidentSetSize of job (KB)
...
006 (4551128.000.000) 03/31 15:53:00 Image size of job updated: 638072
	183  -  MemoryUsage of job (MB)
	186600  -  ResidentSetSize of job (KB)
...
006 (4551128.000.000) 03/31 15:58:01 Image size of job updated: 670164
	229  -  MemoryUsage of job (MB)
	233512  -  ResidentSetSize of job (KB)
...
006 (4551128.000.000) 03/31 16:03:01 Image size of job updated: 670164
	229  -  MemoryUsage of job (MB)
	233556  -  ResidentSetSize of job (KB)
...
006 (4551128.000.000) 03/31 16:08:02 Image size of job updated: 691744
	229  -  MemoryUsage of job (MB)
	233556  -  ResidentSetSize of job (KB)
...
006 (4551128.000.000) 03/31 16:10:14 Image size of job updated: 1230620
	229  -  MemoryUsage of job (MB)
	233556  -  ResidentSetSize of job (KB)
...
040 (4551128.000.000) 03/31 16:10:14 Started transferring output files
...
040 (4551128.000.000) 03/31 16:10:14 Finished transferring output files
...
005 (4551128.000.000) 03/31 16:10:14 Job terminated.
	(1) Normal termination (return value 0)
		Usr 0 00:02:40, Sys 0 00:00:16  -  Run Remote Usage
		Usr 0 00:00:00, Sys 0 00:00:00  -  Run Local Usage
		Usr 0 00:02:40, Sys 0 00:00:16  -  Total Remote Usage
		Usr 0 00:00:00, Sys 0 00:00:00  -  Total Local Usage
	587851  -  Run Bytes Sent By Job
	826  -  Run Bytes Received By Job
	587851  -  Total Bytes Sent By Job
	826  -  Total Bytes Received By Job
	Partitionable Resources :     Usage  Request Allocated 
	   Cpus                 :      0.02        1         1 
	   Disk (KB)            : 391428           1   3014788 
	   Memory (MB)          :    229        2000      2000 

	Job terminated of its own accord at 2022-03-31T14:10:14Z.
...
000 (4551144.000.000) 03/31 17:06:31 Job submitted from host: <188.185.114.121:9618?addrs=188.185.114.121-9618+[2001-1458-d00-a--100-273]-9618&alias=bigbird19.cern.ch&noUDP&sock=schedd_4046901_0ec4>
...
040 (4551144.000.000) 03/31 19:13:07 Started transferring input files
	Transferring to host: <128.142.56.27:9618?addrs=128.142.56.27-9618+[2001-1458-301-6--100-1a]-9618&alias=b7s01p8822.cern.ch&noUDP&sock=slot1_5_15258_6426_12101>
...
001 (4551144.000.000) 03/31 19:13:07 Job executing on host: <128.142.56.27:9618?addrs=128.142.56.27-9618+[2001-1458-301-6--100-1a]-9618&alias=b7s01p8822.cern.ch&noUDP&sock=startd_15221_eb1f>
...
040 (4551144.000.000) 03/31 19:13:07 Finished transferring input files
...
006 (4551144.000.000) 03/31 19:13:16 Image size of job updated: 800
	1  -  MemoryUsage of job (MB)
	704  -  ResidentSetSize of job (KB)
...
006 (4551144.000.000) 03/31 19:14:20 Image size of job updated: 1219664
	1  -  MemoryUsage of job (MB)
	704  -  ResidentSetSize of job (KB)
...
040 (4551144.000.000) 03/31 19:14:20 Started transferring output files
...
040 (4551144.000.000) 03/31 19:14:20 Finished transferring output files
...
005 (4551144.000.000) 03/31 19:14:20 Job terminated.
	(1) Normal termination (return value 0)
		Usr 0 00:00:21, Sys 0 00:00:07  -  Run Remote Usage
		Usr 0 00:00:00, Sys 0 00:00:00  -  Run Local Usage
		Usr 0 00:00:21, Sys 0 00:00:07  -  Total Remote Usage
		Usr 0 00:00:00, Sys 0 00:00:00  -  Total Local Usage
	57662  -  Run Bytes Sent By Job
	941  -  Run Bytes Received By Job
	57662  -  Total Bytes Sent By Job
	941  -  Total Bytes Received By Job
	Partitionable Resources :    Usage  Request Allocated 
	   Cpus                 :                 1         1 
	   Disk (KB)            :   336855        1   1166048 
	   Memory (MB)          :        1     2000      2000 

	Job terminated of its own accord at 2022-03-31T17:14:20Z.
...
000 (4552277.000.000) 04/01 14:07:48 Job submitted from host: <188.185.114.121:9618?addrs=188.185.114.121-9618+[2001-1458-d00-a--100-273]-9618&alias=bigbird19.cern.ch&noUDP&sock=schedd_4046901_0ec4>
...
040 (4552277.000.000) 04/01 14:16:31 Started transferring input files
	Transferring to host: <128.142.131.146:9618?addrs=128.142.131.146-9618+[2001-1458-301-59--100-86]-9618&alias=b7g11p5343.cern.ch&noUDP&sock=slot1_9_3799_7d34_24262>
...
040 (4552277.000.000) 04/01 14:16:31 Finished transferring input files
...
001 (4552277.000.000) 04/01 14:16:31 Job executing on host: <128.142.131.146:9618?addrs=128.142.131.146-9618+[2001-1458-301-59--100-86]-9618&alias=b7g11p5343.cern.ch&noUDP&sock=startd_3218_dbdb>
...
006 (4552277.000.000) 04/01 14:16:40 Image size of job updated: 143152
	1  -  MemoryUsage of job (MB)
	696  -  ResidentSetSize of job (KB)
...
006 (4552277.000.000) 04/01 14:18:00 Image size of job updated: 264364
	1  -  MemoryUsage of job (MB)
	696  -  ResidentSetSize of job (KB)
...
040 (4552277.000.000) 04/01 14:18:00 Started transferring output files
...
040 (4552277.000.000) 04/01 14:18:01 Finished transferring output files
...
005 (4552277.000.000) 04/01 14:18:01 Job terminated.
	(1) Normal termination (return value 0)
		Usr 0 00:00:00, Sys 0 00:00:04  -  Run Remote Usage
		Usr 0 00:00:00, Sys 0 00:00:00  -  Run Local Usage
		Usr 0 00:00:00, Sys 0 00:00:04  -  Total Remote Usage
		Usr 0 00:00:00, Sys 0 00:00:00  -  Total Local Usage
	522  -  Run Bytes Sent By Job
	871  -  Run Bytes Received By Job
	522  -  Total Bytes Sent By Job
	871  -  Total Bytes Received By Job
	Partitionable Resources :    Usage  Request Allocated 
	   Cpus                 :                 1         1 
	   Disk (KB)            :   334857        1   1417513 
	   Memory (MB)          :        1     2000      2000 

	Job terminated of its own accord at 2022-04-01T12:18:00Z.
...
000 (4552533.000.000) 04/01 14:57:26 Job submitted from host: <188.185.114.121:9618?addrs=188.185.114.121-9618+[2001-1458-d00-a--100-273]-9618&alias=bigbird19.cern.ch&noUDP&sock=schedd_4046901_0ec4>
...
040 (4552533.000.000) 04/01 15:50:24 Started transferring input files
	Transferring to host: <128.142.57.90:9618?addrs=128.142.57.90-9618+[2001-1458-301-7--100-59]-9618&alias=b7s02p0120.cern.ch&noUDP&sock=slot1_21_9929_a0ed_54178>
...
040 (4552533.000.000) 04/01 15:50:24 Finished transferring input files
...
001 (4552533.000.000) 04/01 15:50:24 Job executing on host: <128.142.57.90:9618?addrs=128.142.57.90-9618+[2001-1458-301-7--100-59]-9618&alias=b7s02p0120.cern.ch&noUDP&sock=startd_9249_9f88>
...
006 (4552533.000.000) 04/01 15:50:32 Image size of job updated: 700
	1  -  MemoryUsage of job (MB)
	700  -  ResidentSetSize of job (KB)
...
006 (4552533.000.000) 04/01 15:50:58 Image size of job updated: 264364
	1  -  MemoryUsage of job (MB)
	700  -  ResidentSetSize of job (KB)
...
040 (4552533.000.000) 04/01 15:50:59 Started transferring output files
...
040 (4552533.000.000) 04/01 15:50:59 Finished transferring output files
...
005 (4552533.000.000) 04/01 15:50:59 Job terminated.
	(1) Normal termination (return value 0)
		Usr 0 00:00:00, Sys 0 00:00:02  -  Run Remote Usage
		Usr 0 00:00:00, Sys 0 00:00:00  -  Run Local Usage
		Usr 0 00:00:00, Sys 0 00:00:02  -  Total Remote Usage
		Usr 0 00:00:00, Sys 0 00:00:00  -  Total Local Usage
	1405  -  Run Bytes Sent By Job
	959  -  Run Bytes Received By Job
	1405  -  Total Bytes Sent By Job
	959  -  Total Bytes Received By Job
	Partitionable Resources :    Usage  Request Allocated 
	   Cpus                 :                 1         1 
	   Disk (KB)            :   334948        1   1232531 
	   Memory (MB)          :        1     2000      2000 

	Job terminated of its own accord at 2022-04-01T13:50:58Z.
...
000 (4552723.000.000) 04/01 16:33:10 Job submitted from host: <188.185.114.121:9618?addrs=188.185.114.121-9618+[2001-1458-d00-a--100-273]-9618&alias=bigbird19.cern.ch&noUDP&sock=schedd_4046901_0ec4>
...
040 (4552723.000.000) 04/01 16:41:20 Started transferring input files
	Transferring to host: <128.142.58.54:9618?addrs=128.142.58.54-9618&alias=b7s03p8530.cern.ch&noUDP&sock=slot1_32_5090_1d88_111319>
...
040 (4552723.000.000) 04/01 16:41:20 Finished transferring input files
...
001 (4552723.000.000) 04/01 16:41:20 Job executing on host: <128.142.58.54:9618?addrs=128.142.58.54-9618&alias=b7s03p8530.cern.ch&noUDP&sock=startd_4722_7a4b>
...
006 (4552723.000.000) 04/01 16:41:29 Image size of job updated: 700
	1  -  MemoryUsage of job (MB)
	700  -  ResidentSetSize of job (KB)
...
006 (4552723.000.000) 04/01 16:41:50 Image size of job updated: 264364
	1  -  MemoryUsage of job (MB)
	700  -  ResidentSetSize of job (KB)
...
040 (4552723.000.000) 04/01 16:41:50 Started transferring output files
...
040 (4552723.000.000) 04/01 16:41:50 Finished transferring output files
...
005 (4552723.000.000) 04/01 16:41:50 Job terminated.
	(1) Normal termination (return value 0)
		Usr 0 00:00:00, Sys 0 00:00:03  -  Run Remote Usage
		Usr 0 00:00:00, Sys 0 00:00:00  -  Run Local Usage
		Usr 0 00:00:00, Sys 0 00:00:03  -  Total Remote Usage
		Usr 0 00:00:00, Sys 0 00:00:00  -  Total Local Usage
	1405  -  Run Bytes Sent By Job
	959  -  Run Bytes Received By Job
	1405  -  Total Bytes Sent By Job
	959  -  Total Bytes Received By Job
	Partitionable Resources :    Usage  Request Allocated 
	   Cpus                 :                 1         1 
	   Disk (KB)            :   334948        1   1240677 
	   Memory (MB)          :        1     2000      2000 

	Job terminated of its own accord at 2022-04-01T14:41:50Z.
...
000 (4554711.000.000) 04/01 17:33:16 Job submitted from host: <188.185.114.121:9618?addrs=188.185.114.121-9618+[2001-1458-d00-a--100-273]-9618&alias=bigbird19.cern.ch&noUDP&sock=schedd_4046901_0ec4>
...
040 (4554711.000.000) 04/01 17:58:24 Started transferring input files
	Transferring to host: <128.142.137.106:9618?addrs=128.142.137.106-9618+[2001-1458-301-5e--100-5e]-9618&alias=b7g19p5893.cern.ch&noUDP&sock=slot1_6_27118_d588_9655>
...
040 (4554711.000.000) 04/01 17:58:24 Finished transferring input files
...
001 (4554711.000.000) 04/01 17:58:24 Job executing on host: <128.142.137.106:9618?addrs=128.142.137.106-9618+[2001-1458-301-5e--100-5e]-9618&alias=b7g19p5893.cern.ch&noUDP&sock=startd_24157_456c>
...
006 (4554711.000.000) 04/01 17:58:32 Image size of job updated: 264364
	1  -  MemoryUsage of job (MB)
	700  -  ResidentSetSize of job (KB)
...
006 (4554711.000.000) 04/01 17:59:29 Image size of job updated: 1209052
	1  -  MemoryUsage of job (MB)
	700  -  ResidentSetSize of job (KB)
...
040 (4554711.000.000) 04/01 17:59:29 Started transferring output files
...
040 (4554711.000.000) 04/01 17:59:29 Finished transferring output files
...
005 (4554711.000.000) 04/01 17:59:29 Job terminated.
	(1) Normal termination (return value 0)
		Usr 0 00:00:22, Sys 0 00:00:09  -  Run Remote Usage
		Usr 0 00:00:00, Sys 0 00:00:00  -  Run Local Usage
		Usr 0 00:00:22, Sys 0 00:00:09  -  Total Remote Usage
		Usr 0 00:00:00, Sys 0 00:00:00  -  Total Local Usage
	36453  -  Run Bytes Sent By Job
	959  -  Run Bytes Received By Job
	36453  -  Total Bytes Sent By Job
	959  -  Total Bytes Received By Job
	Partitionable Resources :    Usage  Request Allocated 
	   Cpus                 :                 1         1 
	   Disk (KB)            :   334982        1   1612785 
	   Memory (MB)          :        1     2000      2000 

	Job terminated of its own accord at 2022-04-01T15:59:29Z.
...
000 (4562685.000.000) 04/01 20:43:34 Job submitted from host: <188.185.114.121:9618?addrs=188.185.114.121-9618+[2001-1458-d00-a--100-273]-9618&alias=bigbird19.cern.ch&noUDP&sock=schedd_4046901_0ec4>
...
009 (4562685.000.000) 04/02 04:18:02 Job was aborted.
	via condor_rm (by user eyuksel)
...
000 (4563474.000.000) 04/02 04:21:14 Job submitted from host: <188.185.114.121:9618?addrs=188.185.114.121-9618+[2001-1458-d00-a--100-273]-9618&alias=bigbird19.cern.ch&noUDP&sock=schedd_4046901_0ec4>
...
009 (4563474.000.000) 04/02 10:14:36 Job was aborted.
	via condor_rm (by user eyuksel)
...
000 (4563513.000.000) 04/02 10:15:03 Job submitted from host: <188.185.114.121:9618?addrs=188.185.114.121-9618+[2001-1458-d00-a--100-273]-9618&alias=bigbird19.cern.ch&noUDP&sock=schedd_4046901_0ec4>
...
009 (4563513.000.000) 04/02 10:17:46 Job was aborted.
	via condor_rm (by user eyuksel)
...
000 (4563514.000.000) 04/02 10:17:58 Job submitted from host: <188.185.114.121:9618?addrs=188.185.114.121-9618+[2001-1458-d00-a--100-273]-9618&alias=bigbird19.cern.ch&noUDP&sock=schedd_4046901_0ec4>
...
009 (4563514.000.000) 04/02 12:46:12 Job was aborted.
	via condor_rm (by user eyuksel)
...
000 (4563601.000.000) 04/02 12:47:18 Job submitted from host: <188.185.114.121:9618?addrs=188.185.114.121-9618+[2001-1458-d00-a--100-273]-9618&alias=bigbird19.cern.ch&noUDP&sock=schedd_4046901_0ec4>
...
009 (4563601.000.000) 04/02 12:49:58 Job was aborted.
	via condor_rm (by user eyuksel)
...
000 (4563602.000.000) 04/02 12:50:19 Job submitted from host: <188.185.114.121:9618?addrs=188.185.114.121-9618+[2001-1458-d00-a--100-273]-9618&alias=bigbird19.cern.ch&noUDP&sock=schedd_4046901_0ec4>
...
009 (4563602.000.000) 04/02 12:51:47 Job was aborted.
	via condor_rm (by user eyuksel)
...
000 (4563603.000.000) 04/02 12:52:06 Job submitted from host: <188.185.114.121:9618?addrs=188.185.114.121-9618+[2001-1458-d00-a--100-273]-9618&alias=bigbird19.cern.ch&noUDP&sock=schedd_4046901_0ec4>
...
040 (4563603.000.000) 04/02 13:59:39 Started transferring input files
	Transferring to host: <128.142.248.182:9618?addrs=128.142.248.182-9618&alias=b7g23p6365.cern.ch&noUDP&sock=slot1_60_216649_91c3_21372>
...
001 (4563603.000.000) 04/02 13:59:39 Job executing on host: <128.142.248.182:9618?addrs=128.142.248.182-9618&alias=b7g23p6365.cern.ch&noUDP&sock=startd_3902_06a2>
...
040 (4563603.000.000) 04/02 13:59:39 Finished transferring input files
...
006 (4563603.000.000) 04/02 13:59:49 Image size of job updated: 704
	1  -  MemoryUsage of job (MB)
	704  -  ResidentSetSize of job (KB)
...
006 (4563603.000.000) 04/02 14:04:49 Image size of job updated: 598768
	156  -  MemoryUsage of job (MB)
	158768  -  ResidentSetSize of job (KB)
...
006 (4563603.000.000) 04/02 14:09:49 Image size of job updated: 681980
	251  -  MemoryUsage of job (MB)
	256364  -  ResidentSetSize of job (KB)
...
006 (4563603.000.000) 04/02 14:10:46 Image size of job updated: 810300
	251  -  MemoryUsage of job (MB)
	256364  -  ResidentSetSize of job (KB)
...
040 (4563603.000.000) 04/02 14:10:46 Started transferring output files
...
040 (4563603.000.000) 04/02 14:10:46 Finished transferring output files
...
005 (4563603.000.000) 04/02 14:10:46 Job terminated.
	(1) Normal termination (return value 0)
		Usr 0 00:01:47, Sys 0 00:00:12  -  Run Remote Usage
		Usr 0 00:00:00, Sys 0 00:00:00  -  Run Local Usage
		Usr 0 00:01:47, Sys 0 00:00:12  -  Total Remote Usage
		Usr 0 00:00:00, Sys 0 00:00:00  -  Total Local Usage
	552305  -  Run Bytes Sent By Job
	963  -  Run Bytes Received By Job
	552305  -  Total Bytes Sent By Job
	963  -  Total Bytes Received By Job
	Partitionable Resources :     Usage  Request Allocated 
	   Cpus                 :      0.27        1         1 
	   Disk (KB)            : 335498           1   3105276 
	   Memory (MB)          :    251        2000      2000 

	Job terminated of its own accord at 2022-04-02T12:10:46Z.
...
000 (4564529.000.000) 04/03 01:23:03 Job submitted from host: <188.185.114.121:9618?addrs=188.185.114.121-9618+[2001-1458-d00-a--100-273]-9618&alias=bigbird19.cern.ch&noUDP&sock=schedd_4046901_0ec4>
...
040 (4564529.000.000) 04/03 01:29:08 Started transferring input files
	Transferring to host: <128.142.248.30:9618?addrs=128.142.248.30-9618&alias=b7g23p6070.cern.ch&noUDP&sock=slot1_14_47339_5b9e_21696>
...
040 (4564529.000.000) 04/03 01:29:08 Finished transferring input files
...
001 (4564529.000.000) 04/03 01:29:08 Job executing on host: <128.142.248.30:9618?addrs=128.142.248.30-9618&alias=b7g23p6070.cern.ch&noUDP&sock=startd_3890_cb7f>
...
006 (4564529.000.000) 04/03 01:29:17 Image size of job updated: 264364
	1  -  MemoryUsage of job (MB)
	708  -  ResidentSetSize of job (KB)
...
006 (4564529.000.000) 04/03 01:34:18 Image size of job updated: 629240
	194  -  MemoryUsage of job (MB)
	197656  -  ResidentSetSize of job (KB)
...
006 (4564529.000.000) 04/03 01:39:18 Image size of job updated: 1215804
	194  -  MemoryUsage of job (MB)
	197656  -  ResidentSetSize of job (KB)
...
040 (4564529.000.000) 04/03 01:39:27 Started transferring output files
...
040 (4564529.000.000) 04/03 01:39:27 Finished transferring output files
...
005 (4564529.000.000) 04/03 01:39:27 Job terminated.
	(1) Normal termination (return value 0)
		Usr 0 00:02:07, Sys 0 00:00:14  -  Run Remote Usage
		Usr 0 00:00:00, Sys 0 00:00:00  -  Run Local Usage
		Usr 0 00:02:07, Sys 0 00:00:14  -  Total Remote Usage
		Usr 0 00:00:00, Sys 0 00:00:00  -  Total Local Usage
	570659  -  Run Bytes Sent By Job
	963  -  Run Bytes Received By Job
	570659  -  Total Bytes Sent By Job
	963  -  Total Bytes Received By Job
	Partitionable Resources :     Usage  Request Allocated 
	   Cpus                 :      0.18        1         1 
	   Disk (KB)            : 337369           1   2935871 
	   Memory (MB)          :    194        2000      2000 

	Job terminated of its own accord at 2022-04-02T23:39:27Z.
...
000 (4574375.000.000) 04/03 20:07:20 Job submitted from host: <188.185.114.121:9618?addrs=188.185.114.121-9618+[2001-1458-d00-a--100-273]-9618&alias=bigbird19.cern.ch&noUDP&sock=schedd_4046901_0ec4>
...
040 (4574375.000.000) 04/03 20:18:36 Started transferring input files
	Transferring to host: <128.142.61.146:9618?addrs=128.142.61.146-9618+[2001-1458-301-23--100-91]-9618&alias=b7s06p9400.cern.ch&noUDP&sock=slot1_54_3656_bb8e_40318>
...
001 (4574375.000.000) 04/03 20:18:36 Job executing on host: <128.142.61.146:9618?addrs=128.142.61.146-9618+[2001-1458-301-23--100-91]-9618&alias=b7s06p9400.cern.ch&noUDP&sock=startd_3081_e361>
...
040 (4574375.000.000) 04/03 20:18:36 Finished transferring input files
...
006 (4574375.000.000) 04/03 20:18:45 Image size of job updated: 264364
	1  -  MemoryUsage of job (MB)
	696  -  ResidentSetSize of job (KB)
...
006 (4574375.000.000) 04/03 20:23:46 Image size of job updated: 4810660
	4209  -  MemoryUsage of job (MB)
	4309912  -  ResidentSetSize of job (KB)
...
006 (4574375.000.000) 04/03 20:28:46 Image size of job updated: 12949336
	12109  -  MemoryUsage of job (MB)
	12399576  -  ResidentSetSize of job (KB)
...
006 (4574375.000.000) 04/03 20:43:49 Image size of job updated: 12949336
	12421  -  MemoryUsage of job (MB)
	12718356  -  ResidentSetSize of job (KB)
...
006 (4574375.000.000) 04/03 20:47:42 Image size of job updated: 15003164
	12421  -  MemoryUsage of job (MB)
	12718356  -  ResidentSetSize of job (KB)
...
040 (4574375.000.000) 04/03 20:47:42 Started transferring output files
...
040 (4574375.000.000) 04/03 20:47:42 Finished transferring output files
...
005 (4574375.000.000) 04/03 20:47:42 Job terminated.
	(1) Normal termination (return value 0)
		Usr 0 00:21:27, Sys 0 00:00:39  -  Run Remote Usage
		Usr 0 00:00:00, Sys 0 00:00:00  -  Run Local Usage
		Usr 0 00:21:27, Sys 0 00:00:39  -  Total Remote Usage
		Usr 0 00:00:00, Sys 0 00:00:00  -  Total Local Usage
	554754  -  Run Bytes Sent By Job
	1264  -  Run Bytes Received By Job
	554754  -  Total Bytes Sent By Job
	1264  -  Total Bytes Received By Job
	Partitionable Resources :      Usage  Request Allocated 
	   Cpus                 :       1.00        1         1 
	   Disk (KB)            : 4820073           2   1339987 
	   Memory (MB)          :   12421        2000      2000 

	Job terminated of its own accord at 2022-04-03T18:47:42Z.
...
000 (4574477.000.000) 04/03 21:12:20 Job submitted from host: <188.185.114.121:9618?addrs=188.185.114.121-9618+[2001-1458-d00-a--100-273]-9618&alias=bigbird19.cern.ch&noUDP&sock=schedd_4046901_0ec4>
...
040 (4574477.000.000) 04/03 21:15:43 Started transferring input files
	Transferring to host: <128.142.132.96:9618?addrs=128.142.132.96-9618+[2001-1458-301-5a--100-54]-9618&alias=b7g12p4876.cern.ch&noUDP&sock=slot1_27_19002_60be_172911>
...
040 (4574477.000.000) 04/03 21:15:43 Finished transferring input files
...
001 (4574477.000.000) 04/03 21:15:43 Job executing on host: <128.142.132.96:9618?addrs=128.142.132.96-9618+[2001-1458-301-5a--100-54]-9618&alias=b7g12p4876.cern.ch&noUDP&sock=startd_38840_9680>
...
006 (4574477.000.000) 04/03 21:15:53 Image size of job updated: 704
	1  -  MemoryUsage of job (MB)
	704  -  ResidentSetSize of job (KB)
...
006 (4574477.000.000) 04/03 21:20:53 Image size of job updated: 4676020
	4084  -  MemoryUsage of job (MB)
	4181128  -  ResidentSetSize of job (KB)
...
006 (4574477.000.000) 04/03 21:25:53 Image size of job updated: 12949336
	12109  -  MemoryUsage of job (MB)
	12399548  -  ResidentSetSize of job (KB)
...
006 (4574477.000.000) 04/03 21:45:56 Image size of job updated: 12949336
	12226  -  MemoryUsage of job (MB)
	12519224  -  ResidentSetSize of job (KB)
...
006 (4574477.000.000) 04/03 21:50:56 Image size of job updated: 15000268
	12226  -  MemoryUsage of job (MB)
	12519228  -  ResidentSetSize of job (KB)
...
006 (4574477.000.000) 04/03 21:55:57 Image size of job updated: 15022496
	14169  -  MemoryUsage of job (MB)
	14508760  -  ResidentSetSize of job (KB)
...
006 (4574477.000.000) 04/03 22:05:59 Image size of job updated: 15170016
	14302  -  MemoryUsage of job (MB)
	14645188  -  ResidentSetSize of job (KB)
...
006 (4574477.000.000) 04/03 22:10:59 Image size of job updated: 15170016
	14302  -  MemoryUsage of job (MB)
	14645204  -  ResidentSetSize of job (KB)
...
040 (4574477.000.000) 04/03 22:15:47 Started transferring output files
...
040 (4574477.000.000) 04/03 22:15:47 Finished transferring output files
...
009 (4574477.000.000) 04/03 22:15:47 Job was aborted.
	Job removed by SYSTEM_PERIODIC_REMOVE due to wall time exceeded allowed max.
...
000 (4577268.000.000) 04/04 08:22:02 Job submitted from host: <188.185.114.121:9618?addrs=188.185.114.121-9618+[2001-1458-d00-a--100-273]-9618&alias=bigbird19.cern.ch&noUDP&sock=schedd_4046901_0ec4>
...
040 (4577268.000.000) 04/04 19:40:33 Started transferring input files
	Transferring to host: <128.142.34.15:9618?addrs=128.142.34.15-9618+[2001-1458-301-3f--100-c]-9618&alias=b7g04p0579.cern.ch&noUDP&sock=slot1_1_2252_7cd5_6505>
...
001 (4577268.000.000) 04/04 19:40:33 Job executing on host: <128.142.34.15:9618?addrs=128.142.34.15-9618+[2001-1458-301-3f--100-c]-9618&alias=b7g04p0579.cern.ch&noUDP&sock=startd_2214_32c5>
...
040 (4577268.000.000) 04/04 19:40:33 Finished transferring input files
...
006 (4577268.000.000) 04/04 19:40:41 Image size of job updated: 4140
	1  -  MemoryUsage of job (MB)
	708  -  ResidentSetSize of job (KB)
...
006 (4577268.000.000) 04/04 19:45:41 Image size of job updated: 2676400
	2153  -  MemoryUsage of job (MB)
	2204432  -  ResidentSetSize of job (KB)
...
006 (4577268.000.000) 04/04 19:50:41 Image size of job updated: 4605716
	4200  -  MemoryUsage of job (MB)
	4300780  -  ResidentSetSize of job (KB)
...
006 (4577268.000.000) 04/04 19:55:42 Image size of job updated: 6046840
	5515  -  MemoryUsage of job (MB)
	5647256  -  ResidentSetSize of job (KB)
...
006 (4577268.000.000) 04/04 20:00:42 Image size of job updated: 8208100
	7483  -  MemoryUsage of job (MB)
	7662372  -  ResidentSetSize of job (KB)
...
006 (4577268.000.000) 04/04 20:05:42 Image size of job updated: 12949336
	8356  -  MemoryUsage of job (MB)
	8556468  -  ResidentSetSize of job (KB)
...
006 (4577268.000.000) 04/04 20:10:43 Image size of job updated: 14481424
	13604  -  MemoryUsage of job (MB)
	13930016  -  ResidentSetSize of job (KB)
...
006 (4577268.000.000) 04/04 20:15:43 Image size of job updated: 15022492
	14172  -  MemoryUsage of job (MB)
	14511316  -  ResidentSetSize of job (KB)
...
006 (4577268.000.000) 04/04 20:20:43 Image size of job updated: 15170012
	14305  -  MemoryUsage of job (MB)
	14647760  -  ResidentSetSize of job (KB)
...
006 (4577268.000.000) 04/04 20:25:45 Image size of job updated: 15170012
	14305  -  MemoryUsage of job (MB)
	14647816  -  ResidentSetSize of job (KB)
...
006 (4577268.000.000) 04/04 20:30:45 Image size of job updated: 15170012
	14305  -  MemoryUsage of job (MB)
	14647864  -  ResidentSetSize of job (KB)
...
006 (4577268.000.000) 04/04 20:35:45 Image size of job updated: 15170012
	14306  -  MemoryUsage of job (MB)
	14648352  -  ResidentSetSize of job (KB)
...
006 (4577268.000.000) 04/04 20:40:46 Image size of job updated: 15170012
	14306  -  MemoryUsage of job (MB)
	14648528  -  ResidentSetSize of job (KB)
...
006 (4577268.000.000) 04/04 20:45:46 Image size of job updated: 15170012
	14306  -  MemoryUsage of job (MB)
	14649100  -  ResidentSetSize of job (KB)
...
006 (4577268.000.000) 04/04 20:50:46 Image size of job updated: 15170012
	14307  -  MemoryUsage of job (MB)
	14649612  -  ResidentSetSize of job (KB)
...
006 (4577268.000.000) 04/04 20:55:47 Image size of job updated: 21237024
	14307  -  MemoryUsage of job (MB)
	14649612  -  ResidentSetSize of job (KB)
...
040 (4577268.000.000) 04/04 21:41:42 Started transferring output files
...
040 (4577268.000.000) 04/04 21:41:42 Finished transferring output files
...
005 (4577268.000.000) 04/04 21:41:42 Job terminated.
	(1) Normal termination (return value 0)
		Usr 0 01:39:30, Sys 0 00:01:54  -  Run Remote Usage
		Usr 0 00:00:00, Sys 0 00:00:00  -  Run Local Usage
		Usr 0 01:39:30, Sys 0 00:01:54  -  Total Remote Usage
		Usr 0 00:00:00, Sys 0 00:00:00  -  Total Local Usage
	588647  -  Run Bytes Sent By Job
	1264  -  Run Bytes Received By Job
	588647  -  Total Bytes Sent By Job
	1264  -  Total Bytes Received By Job
	Partitionable Resources :      Usage  Request Allocated 
	   Cpus                 :       0.99       30        30 
	   Disk (KB)            : 8109740           2   1374547 
	   Memory (MB)          :   14307       61440     61500 

	Job terminated of its own accord at 2022-04-04T19:41:42Z.
...
000 (4631810.000.000) 04/07 09:10:46 Job submitted from host: <188.185.114.121:9618?addrs=188.185.114.121-9618+[2001-1458-d00-a--100-273]-9618&alias=bigbird19.cern.ch&noUDP&sock=schedd_4046901_0ec4>
...
040 (4631810.000.000) 04/08 12:18:14 Started transferring input files
	Transferring to host: <128.142.58.115:9618?addrs=128.142.58.115-9618+[2001-1458-301-16--100-72]-9618&alias=b7s03p6668.cern.ch&noUDP&sock=slot1_4_10093_2e74_26569>
...
040 (4631810.000.000) 04/08 12:18:14 Finished transferring input files
...
001 (4631810.000.000) 04/08 12:18:14 Job executing on host: <128.142.58.115:9618?addrs=128.142.58.115-9618+[2001-1458-301-16--100-72]-9618&alias=b7s03p6668.cern.ch&noUDP&sock=startd_9011_5ffe>
...
006 (4631810.000.000) 04/08 12:18:23 Image size of job updated: 445356
	13  -  MemoryUsage of job (MB)
	12668  -  ResidentSetSize of job (KB)
...
006 (4631810.000.000) 04/08 12:23:24 Image size of job updated: 4389704
	4001  -  MemoryUsage of job (MB)
	4096884  -  ResidentSetSize of job (KB)
...
006 (4631810.000.000) 04/08 12:28:24 Image size of job updated: 8637756
	8210  -  MemoryUsage of job (MB)
	8406980  -  ResidentSetSize of job (KB)
...
006 (4631810.000.000) 04/08 12:33:24 Image size of job updated: 12948940
	12109  -  MemoryUsage of job (MB)
	12399112  -  ResidentSetSize of job (KB)
...
006 (4631810.000.000) 04/08 12:43:26 Image size of job updated: 15034128
	14181  -  MemoryUsage of job (MB)
	14520476  -  ResidentSetSize of job (KB)
...
006 (4631810.000.000) 04/08 12:48:26 Image size of job updated: 15034128
	14304  -  MemoryUsage of job (MB)
	14646728  -  ResidentSetSize of job (KB)
...
006 (4631810.000.000) 04/08 12:53:27 Image size of job updated: 15181632
	14310  -  MemoryUsage of job (MB)
	14652576  -  ResidentSetSize of job (KB)
...
006 (4631810.000.000) 04/08 13:03:27 Image size of job updated: 15181632
	14310  -  MemoryUsage of job (MB)
	14652580  -  ResidentSetSize of job (KB)
...
006 (4631810.000.000) 04/08 13:08:28 Image size of job updated: 15181632
	14310  -  MemoryUsage of job (MB)
	14652584  -  ResidentSetSize of job (KB)
...
006 (4631810.000.000) 04/08 13:18:29 Image size of job updated: 15181632
	14310  -  MemoryUsage of job (MB)
	14652592  -  ResidentSetSize of job (KB)
...
006 (4631810.000.000) 04/08 13:28:31 Image size of job updated: 15181632
	14310  -  MemoryUsage of job (MB)
	14652596  -  ResidentSetSize of job (KB)
...
006 (4631810.000.000) 04/08 13:43:32 Image size of job updated: 15181632
	14310  -  MemoryUsage of job (MB)
	14652600  -  ResidentSetSize of job (KB)
...
006 (4631810.000.000) 04/08 13:48:32 Image size of job updated: 15181632
	14310  -  MemoryUsage of job (MB)
	14652604  -  ResidentSetSize of job (KB)
...
006 (4631810.000.000) 04/08 14:03:34 Image size of job updated: 15181632
	14310  -  MemoryUsage of job (MB)
	14652608  -  ResidentSetSize of job (KB)
...
006 (4631810.000.000) 04/08 14:08:34 Image size of job updated: 15181632
	14310  -  MemoryUsage of job (MB)
	14652612  -  ResidentSetSize of job (KB)
...
006 (4631810.000.000) 04/08 14:18:36 Image size of job updated: 15181632
	14310  -  MemoryUsage of job (MB)
	14652616  -  ResidentSetSize of job (KB)
...
006 (4631810.000.000) 04/08 14:23:36 Image size of job updated: 15181632
	14310  -  MemoryUsage of job (MB)
	14652620  -  ResidentSetSize of job (KB)
...
006 (4631810.000.000) 04/08 14:28:36 Image size of job updated: 15181632
	14310  -  MemoryUsage of job (MB)
	14652632  -  ResidentSetSize of job (KB)
...
006 (4631810.000.000) 04/08 14:33:37 Image size of job updated: 15181632
	14310  -  MemoryUsage of job (MB)
	14652636  -  ResidentSetSize of job (KB)
...
006 (4631810.000.000) 04/08 14:38:37 Image size of job updated: 15181632
	14310  -  MemoryUsage of job (MB)
	14652640  -  ResidentSetSize of job (KB)
...
006 (4631810.000.000) 04/08 14:43:37 Image size of job updated: 15181632
	14310  -  MemoryUsage of job (MB)
	14652652  -  ResidentSetSize of job (KB)
...
006 (4631810.000.000) 04/08 14:48:38 Image size of job updated: 15181632
	14310  -  MemoryUsage of job (MB)
	14652660  -  ResidentSetSize of job (KB)
...
006 (4631810.000.000) 04/08 14:53:38 Image size of job updated: 15181632
	14310  -  MemoryUsage of job (MB)
	14652668  -  ResidentSetSize of job (KB)
...
006 (4631810.000.000) 04/08 14:58:38 Image size of job updated: 15181632
	14310  -  MemoryUsage of job (MB)
	14652736  -  ResidentSetSize of job (KB)
...
006 (4631810.000.000) 04/08 15:03:39 Image size of job updated: 15181632
	14310  -  MemoryUsage of job (MB)
	14652764  -  ResidentSetSize of job (KB)
...
006 (4631810.000.000) 04/08 15:08:40 Image size of job updated: 15181632
	14310  -  MemoryUsage of job (MB)
	14652796  -  ResidentSetSize of job (KB)
...
006 (4631810.000.000) 04/08 15:13:40 Image size of job updated: 15181632
	14310  -  MemoryUsage of job (MB)
	14652816  -  ResidentSetSize of job (KB)
...
006 (4631810.000.000) 04/08 15:18:40 Image size of job updated: 15181632
	14310  -  MemoryUsage of job (MB)
	14652820  -  ResidentSetSize of job (KB)
...
006 (4631810.000.000) 04/08 15:23:41 Image size of job updated: 15181632
	14310  -  MemoryUsage of job (MB)
	14652824  -  ResidentSetSize of job (KB)
...
006 (4631810.000.000) 04/08 15:28:41 Image size of job updated: 15181632
	14310  -  MemoryUsage of job (MB)
	14652876  -  ResidentSetSize of job (KB)
...
006 (4631810.000.000) 04/08 15:33:41 Image size of job updated: 15181632
	14310  -  MemoryUsage of job (MB)
	14652912  -  ResidentSetSize of job (KB)
...
006 (4631810.000.000) 04/08 15:38:42 Image size of job updated: 15181632
	14310  -  MemoryUsage of job (MB)
	14652960  -  ResidentSetSize of job (KB)
...
006 (4631810.000.000) 04/08 15:43:43 Image size of job updated: 15181632
	14310  -  MemoryUsage of job (MB)
	14652976  -  ResidentSetSize of job (KB)
...
006 (4631810.000.000) 04/08 15:48:43 Image size of job updated: 15181632
	14310  -  MemoryUsage of job (MB)
	14653028  -  ResidentSetSize of job (KB)
...
006 (4631810.000.000) 04/08 15:53:44 Image size of job updated: 15181632
	14310  -  MemoryUsage of job (MB)
	14653112  -  ResidentSetSize of job (KB)
...
006 (4631810.000.000) 04/08 15:58:45 Image size of job updated: 15181632
	14310  -  MemoryUsage of job (MB)
	14653176  -  ResidentSetSize of job (KB)
...
006 (4631810.000.000) 04/08 16:03:45 Image size of job updated: 15181632
	14310  -  MemoryUsage of job (MB)
	14653180  -  ResidentSetSize of job (KB)
...
006 (4631810.000.000) 04/08 16:08:46 Image size of job updated: 15181632
	14310  -  MemoryUsage of job (MB)
	14653212  -  ResidentSetSize of job (KB)
...
006 (4631810.000.000) 04/08 16:13:47 Image size of job updated: 15181632
	14310  -  MemoryUsage of job (MB)
	14653244  -  ResidentSetSize of job (KB)
...
006 (4631810.000.000) 04/08 16:18:47 Image size of job updated: 15181632
	14311  -  MemoryUsage of job (MB)
	14654144  -  ResidentSetSize of job (KB)
...
006 (4631810.000.000) 04/08 16:23:47 Image size of job updated: 21480488
	14311  -  MemoryUsage of job (MB)
	14654144  -  ResidentSetSize of job (KB)
...
040 (4631810.000.000) 04/08 20:18:41 Started transferring output files
...
040 (4631810.000.000) 04/08 20:18:41 Finished transferring output files
...
009 (4631810.000.000) 04/08 20:18:43 Job was aborted.
	Job removed by SYSTEM_PERIODIC_REMOVE due to wall time exceeded allowed max.
...
000 (4653817.000.000) 04/08 21:17:41 Job submitted from host: <188.185.114.121:9618?addrs=188.185.114.121-9618+[2001-1458-d00-a--100-273]-9618&alias=bigbird19.cern.ch&noUDP&sock=schedd_4046901_0ec4>
...
040 (4653817.000.000) 04/08 21:21:21 Entered queue to transfer input files
	Transferring to host: <128.142.49.55:9618?addrs=128.142.49.55-9618+[2001-1458-301-31--100-35]-9618&alias=b7g22p7124.cern.ch&noUDP&sock=slot1_1_165400_033f_39402>
...
040 (4653817.000.000) 04/08 21:21:56 Started transferring input files
	Seconds spent in queue: 35
...
001 (4653817.000.000) 04/08 21:21:56 Job executing on host: <128.142.49.55:9618?addrs=128.142.49.55-9618+[2001-1458-301-31--100-35]-9618&alias=b7g22p7124.cern.ch&noUDP&sock=startd_164568_89cd>
...
040 (4653817.000.000) 04/08 21:21:56 Finished transferring input files
...
006 (4653817.000.000) 04/08 21:22:04 Image size of job updated: 29532
	13  -  MemoryUsage of job (MB)
	12648  -  ResidentSetSize of job (KB)
...
006 (4653817.000.000) 04/08 21:27:04 Image size of job updated: 4605704
	4188  -  MemoryUsage of job (MB)
	4288124  -  ResidentSetSize of job (KB)
...
006 (4653817.000.000) 04/08 21:32:05 Image size of job updated: 12948928
	12109  -  MemoryUsage of job (MB)
	12399108  -  ResidentSetSize of job (KB)
...
006 (4653817.000.000) 04/08 21:47:06 Image size of job updated: 15034124
	14181  -  MemoryUsage of job (MB)
	14520476  -  ResidentSetSize of job (KB)
...
006 (4653817.000.000) 04/08 21:52:07 Image size of job updated: 15181628
	14310  -  MemoryUsage of job (MB)
	14652568  -  ResidentSetSize of job (KB)
...
006 (4653817.000.000) 04/08 22:02:08 Image size of job updated: 15181628
	14310  -  MemoryUsage of job (MB)
	14652576  -  ResidentSetSize of job (KB)
...
006 (4653817.000.000) 04/08 22:17:09 Image size of job updated: 15181628
	14310  -  MemoryUsage of job (MB)
	14652580  -  ResidentSetSize of job (KB)
...
006 (4653817.000.000) 04/08 22:22:10 Image size of job updated: 15181628
	14310  -  MemoryUsage of job (MB)
	14652584  -  ResidentSetSize of job (KB)
...
006 (4653817.000.000) 04/08 22:27:11 Image size of job updated: 15181628
	14310  -  MemoryUsage of job (MB)
	14652588  -  ResidentSetSize of job (KB)
...
006 (4653817.000.000) 04/08 22:32:11 Image size of job updated: 15181628
	14310  -  MemoryUsage of job (MB)
	14652592  -  ResidentSetSize of job (KB)
...
006 (4653817.000.000) 04/08 22:47:13 Image size of job updated: 15181628
	14310  -  MemoryUsage of job (MB)
	14652596  -  ResidentSetSize of job (KB)
...
006 (4653817.000.000) 04/08 22:52:13 Image size of job updated: 15181628
	14310  -  MemoryUsage of job (MB)
	14652600  -  ResidentSetSize of job (KB)
...
006 (4653817.000.000) 04/08 23:07:15 Image size of job updated: 15181628
	14310  -  MemoryUsage of job (MB)
	14652604  -  ResidentSetSize of job (KB)
...
006 (4653817.000.000) 04/08 23:17:17 Image size of job updated: 15181628
	14310  -  MemoryUsage of job (MB)
	14652608  -  ResidentSetSize of job (KB)
...
006 (4653817.000.000) 04/08 23:22:17 Image size of job updated: 15181628
	14310  -  MemoryUsage of job (MB)
	14652612  -  ResidentSetSize of job (KB)
...
006 (4653817.000.000) 04/08 23:27:17 Image size of job updated: 15181628
	14310  -  MemoryUsage of job (MB)
	14652616  -  ResidentSetSize of job (KB)
...
006 (4653817.000.000) 04/08 23:32:18 Image size of job updated: 15181628
	14310  -  MemoryUsage of job (MB)
	14652624  -  ResidentSetSize of job (KB)
...
006 (4653817.000.000) 04/08 23:37:19 Image size of job updated: 15181628
	14310  -  MemoryUsage of job (MB)
	14652628  -  ResidentSetSize of job (KB)
...
006 (4653817.000.000) 04/08 23:42:19 Image size of job updated: 15181628
	14310  -  MemoryUsage of job (MB)
	14653228  -  ResidentSetSize of job (KB)
...
006 (4653817.000.000) 04/08 23:47:19 Image size of job updated: 15181628
	14310  -  MemoryUsage of job (MB)
	14653232  -  ResidentSetSize of job (KB)
...
006 (4653817.000.000) 04/08 23:52:21 Image size of job updated: 15181628
	14310  -  MemoryUsage of job (MB)
	14653244  -  ResidentSetSize of job (KB)
...
006 (4653817.000.000) 04/08 23:57:21 Image size of job updated: 15181628
	14310  -  MemoryUsage of job (MB)
	14653252  -  ResidentSetSize of job (KB)
...
006 (4653817.000.000) 04/09 00:02:21 Image size of job updated: 15181628
	14310  -  MemoryUsage of job (MB)
	14653320  -  ResidentSetSize of job (KB)
...
006 (4653817.000.000) 04/09 00:07:21 Image size of job updated: 15181628
	14310  -  MemoryUsage of job (MB)
	14653348  -  ResidentSetSize of job (KB)
...
006 (4653817.000.000) 04/09 00:12:22 Image size of job updated: 15181628
	14310  -  MemoryUsage of job (MB)
	14653372  -  ResidentSetSize of job (KB)
...
006 (4653817.000.000) 04/09 00:17:22 Image size of job updated: 15181628
	14310  -  MemoryUsage of job (MB)
	14653396  -  ResidentSetSize of job (KB)
...
006 (4653817.000.000) 04/09 00:22:22 Image size of job updated: 15181628
	14310  -  MemoryUsage of job (MB)
	14653404  -  ResidentSetSize of job (KB)
...
006 (4653817.000.000) 04/09 00:27:23 Image size of job updated: 15181628
	14310  -  MemoryUsage of job (MB)
	14653408  -  ResidentSetSize of job (KB)
...
006 (4653817.000.000) 04/09 00:32:24 Image size of job updated: 15181628
	14310  -  MemoryUsage of job (MB)
	14653412  -  ResidentSetSize of job (KB)
...
006 (4653817.000.000) 04/09 00:37:25 Image size of job updated: 15181628
	14311  -  MemoryUsage of job (MB)
	14653464  -  ResidentSetSize of job (KB)
...
006 (4653817.000.000) 04/09 00:42:25 Image size of job updated: 15181628
	14311  -  MemoryUsage of job (MB)
	14653508  -  ResidentSetSize of job (KB)
...
006 (4653817.000.000) 04/09 00:47:25 Image size of job updated: 15181628
	14311  -  MemoryUsage of job (MB)
	14653552  -  ResidentSetSize of job (KB)
...
006 (4653817.000.000) 04/09 00:52:26 Image size of job updated: 15181628
	14311  -  MemoryUsage of job (MB)
	14653564  -  ResidentSetSize of job (KB)
...
006 (4653817.000.000) 04/09 00:57:27 Image size of job updated: 15181628
	14311  -  MemoryUsage of job (MB)
	14653592  -  ResidentSetSize of job (KB)
...
006 (4653817.000.000) 04/09 01:02:27 Image size of job updated: 15181628
	14311  -  MemoryUsage of job (MB)
	14653688  -  ResidentSetSize of job (KB)
...
006 (4653817.000.000) 04/09 01:07:27 Image size of job updated: 15181628
	14311  -  MemoryUsage of job (MB)
	14653740  -  ResidentSetSize of job (KB)
...
006 (4653817.000.000) 04/09 01:12:28 Image size of job updated: 15181628
	14311  -  MemoryUsage of job (MB)
	14653764  -  ResidentSetSize of job (KB)
...
006 (4653817.000.000) 04/09 01:17:28 Image size of job updated: 15181628
	14311  -  MemoryUsage of job (MB)
	14653776  -  ResidentSetSize of job (KB)
...
006 (4653817.000.000) 04/09 01:22:28 Image size of job updated: 15181628
	14311  -  MemoryUsage of job (MB)
	14653812  -  ResidentSetSize of job (KB)
...
006 (4653817.000.000) 04/09 01:27:30 Image size of job updated: 15181628
	14311  -  MemoryUsage of job (MB)
	14653852  -  ResidentSetSize of job (KB)
...
006 (4653817.000.000) 04/09 01:32:30 Image size of job updated: 18383684
	17935  -  MemoryUsage of job (MB)
	18365296  -  ResidentSetSize of job (KB)
...
006 (4653817.000.000) 04/09 01:37:30 Image size of job updated: 21323052
	17935  -  MemoryUsage of job (MB)
	18365296  -  ResidentSetSize of job (KB)
...
007 (4653817.000.000) 04/09 06:11:33 Shadow exception!
	Assertion ERROR on (result)
	0  -  Run Bytes Sent By Job
	1266  -  Run Bytes Received By Job
...
040 (4653817.000.000) 04/09 06:16:06 Started transferring input files
	Seconds spent in queue: 32085
...
040 (4653817.000.000) 04/09 06:16:06 Finished transferring input files
...
009 (4653817.000.000) 04/09 06:16:07 Job was aborted.
	Job removed by SYSTEM_PERIODIC_REMOVE due to wall time exceeded allowed max.
...
000 (4659914.000.000) 04/09 13:09:17 Job submitted from host: <188.185.114.121:9618?addrs=188.185.114.121-9618+[2001-1458-d00-a--100-273]-9618&alias=bigbird19.cern.ch&noUDP&sock=schedd_4046901_0ec4>
...
040 (4659914.000.000) 04/09 13:11:07 Started transferring input files
	Transferring to host: <128.142.248.46:9618?addrs=128.142.248.46-9618+[2001-1458-301-73--100-11e]-9618&alias=b7g23p0256.cern.ch&noUDP&sock=slot1_1_88670_c94f_158429>
...
001 (4659914.000.000) 04/09 13:11:08 Job executing on host: <128.142.248.46:9618?addrs=128.142.248.46-9618+[2001-1458-301-73--100-11e]-9618&alias=b7g23p0256.cern.ch&noUDP&sock=startd_18748_25a7>
...
040 (4659914.000.000) 04/09 13:11:08 Finished transferring input files
...
006 (4659914.000.000) 04/09 13:11:16 Image size of job updated: 28048
	13  -  MemoryUsage of job (MB)
	12660  -  ResidentSetSize of job (KB)
...
006 (4659914.000.000) 04/09 13:16:16 Image size of job updated: 39379704
	38442  -  MemoryUsage of job (MB)
	39364248  -  ResidentSetSize of job (KB)
...
006 (4659914.000.000) 04/09 13:21:16 Image size of job updated: 82323724
	79463  -  MemoryUsage of job (MB)
	81369896  -  ResidentSetSize of job (KB)
...
006 (4659914.000.000) 04/09 13:26:17 Image size of job updated: 83702464
	80432  -  MemoryUsage of job (MB)
	82362268  -  ResidentSetSize of job (KB)
...
006 (4659914.000.000) 04/09 15:41:32 Image size of job updated: 86703192
	80651  -  MemoryUsage of job (MB)
	82586464  -  ResidentSetSize of job (KB)
...
006 (4659914.000.000) 04/09 15:46:32 Image size of job updated: 91500160
	84618  -  MemoryUsage of job (MB)
	86648624  -  ResidentSetSize of job (KB)
...
006 (4659914.000.000) 04/09 15:51:32 Image size of job updated: 96886540
	85613  -  MemoryUsage of job (MB)
	87666968  -  ResidentSetSize of job (KB)
...
006 (4659914.000.000) 04/09 15:56:33 Image size of job updated: 101859740
	85613  -  MemoryUsage of job (MB)
	87666996  -  ResidentSetSize of job (KB)
...
006 (4659914.000.000) 04/09 16:01:34 Image size of job updated: 107079196
	86042  -  MemoryUsage of job (MB)
	88106816  -  ResidentSetSize of job (KB)
...
006 (4659914.000.000) 04/09 16:06:34 Image size of job updated: 112008888
	86042  -  MemoryUsage of job (MB)
	88106860  -  ResidentSetSize of job (KB)
...
006 (4659914.000.000) 04/09 16:11:34 Image size of job updated: 117008556
	86042  -  MemoryUsage of job (MB)
	88106860  -  ResidentSetSize of job (KB)
...
006 (4659914.000.000) 04/09 16:16:35 Image size of job updated: 121815492
	86042  -  MemoryUsage of job (MB)
	88106860  -  ResidentSetSize of job (KB)
...
006 (4659914.000.000) 04/09 16:21:36 Image size of job updated: 126631748
	86042  -  MemoryUsage of job (MB)
	88106860  -  ResidentSetSize of job (KB)
...
006 (4659914.000.000) 04/09 16:26:36 Image size of job updated: 131458716
	86042  -  MemoryUsage of job (MB)
	88106860  -  ResidentSetSize of job (KB)
...
006 (4659914.000.000) 04/09 16:31:36 Image size of job updated: 136122764
	86432  -  MemoryUsage of job (MB)
	88506144  -  ResidentSetSize of job (KB)
...
006 (4659914.000.000) 04/09 16:36:37 Image size of job updated: 140562272
	86432  -  MemoryUsage of job (MB)
	88506316  -  ResidentSetSize of job (KB)
...
006 (4659914.000.000) 04/09 16:41:38 Image size of job updated: 145172584
	86432  -  MemoryUsage of job (MB)
	88506316  -  ResidentSetSize of job (KB)
...
006 (4659914.000.000) 04/09 16:46:38 Image size of job updated: 149613236
	86432  -  MemoryUsage of job (MB)
	88506316  -  ResidentSetSize of job (KB)
...
006 (4659914.000.000) 04/09 16:51:38 Image size of job updated: 154020336
	86432  -  MemoryUsage of job (MB)
	88506316  -  ResidentSetSize of job (KB)
...
006 (4659914.000.000) 04/09 16:56:39 Image size of job updated: 158564932
	86432  -  MemoryUsage of job (MB)
	88506316  -  ResidentSetSize of job (KB)
...
006 (4659914.000.000) 04/09 17:01:40 Image size of job updated: 163288672
	86432  -  MemoryUsage of job (MB)
	88506316  -  ResidentSetSize of job (KB)
...
006 (4659914.000.000) 04/09 17:05:42 Image size of job updated: 163672464
	86432  -  MemoryUsage of job (MB)
	88506316  -  ResidentSetSize of job (KB)
...
040 (4659914.000.000) 04/09 17:05:42 Started transferring output files
...
040 (4659914.000.000) 04/09 17:05:43 Finished transferring output files
...
005 (4659914.000.000) 04/09 17:05:43 Job terminated.
	(1) Normal termination (return value 0)
		Usr 0 03:11:05, Sys 0 00:29:08  -  Run Remote Usage
		Usr 0 00:00:00, Sys 0 00:00:00  -  Run Local Usage
		Usr 0 03:11:05, Sys 0 00:29:08  -  Total Remote Usage
		Usr 0 00:00:00, Sys 0 00:00:00  -  Total Local Usage
	600750  -  Run Bytes Sent By Job
	1266  -  Run Bytes Received By Job
	600750  -  Total Bytes Sent By Job
	1266  -  Total Bytes Received By Job
	Partitionable Resources :    Usage  Request Allocated 
	   Cpus                 :     0.95       32        32 
	   Disk (KB)            :  2559           2   3004442 
	   Memory (MB)          : 86432       61440     61500 

	Job terminated of its own accord at 2022-04-09T15:05:42Z.
...
000 (4719725.000.000) 04/15 10:46:18 Job submitted from host: <188.185.114.121:9618?addrs=188.185.114.121-9618+[2001-1458-d00-a--100-273]-9618&alias=bigbird19.cern.ch&noUDP&sock=schedd_4046901_0ec4>
...
009 (4719725.000.000) 04/15 10:50:00 Job was aborted.
	via condor_rm (by user eyuksel)
...
000 (4719726.000.000) 04/15 10:50:06 Job submitted from host: <188.185.114.121:9618?addrs=188.185.114.121-9618+[2001-1458-d00-a--100-273]-9618&alias=bigbird19.cern.ch&noUDP&sock=schedd_4046901_0ec4>
...
040 (4719726.000.000) 04/15 17:42:35 Started transferring input files
	Transferring to host: <188.184.162.215:9618?addrs=188.184.162.215-9618+[2001-1458-301-4a--100-d1]-9618&alias=b7s11p5078.cern.ch&noUDP&sock=slot1_1_4133_d281_49185>
...
001 (4719726.000.000) 04/15 17:42:35 Job executing on host: <188.184.162.215:9618?addrs=188.184.162.215-9618+[2001-1458-301-4a--100-d1]-9618&alias=b7s11p5078.cern.ch&noUDP&sock=startd_3338_2b38>
...
040 (4719726.000.000) 04/15 17:42:35 Finished transferring input files
...
006 (4719726.000.000) 04/15 17:42:44 Image size of job updated: 28048
	13  -  MemoryUsage of job (MB)
	12660  -  ResidentSetSize of job (KB)
...
006 (4719726.000.000) 04/15 17:47:45 Image size of job updated: 34574340
	33756  -  MemoryUsage of job (MB)
	34565132  -  ResidentSetSize of job (KB)
...
006 (4719726.000.000) 04/15 17:52:45 Image size of job updated: 82129912
	79367  -  MemoryUsage of job (MB)
	81271036  -  ResidentSetSize of job (KB)
...
006 (4719726.000.000) 04/15 17:57:46 Image size of job updated: 83710744
	80437  -  MemoryUsage of job (MB)
	82366900  -  ResidentSetSize of job (KB)
...
006 (4719726.000.000) 04/15 20:33:02 Image size of job updated: 84585944
	81257  -  MemoryUsage of job (MB)
	83206608  -  ResidentSetSize of job (KB)
...
006 (4719726.000.000) 04/15 20:38:02 Image size of job updated: 85604052
	82267  -  MemoryUsage of job (MB)
	84241356  -  ResidentSetSize of job (KB)
...
006 (4719726.000.000) 04/15 20:43:03 Image size of job updated: 85782220
	82326  -  MemoryUsage of job (MB)
	84301700  -  ResidentSetSize of job (KB)
...
006 (4719726.000.000) 04/15 20:48:04 Image size of job updated: 87059624
	82326  -  MemoryUsage of job (MB)
	84301700  -  ResidentSetSize of job (KB)
...
006 (4719726.000.000) 04/15 20:53:04 Image size of job updated: 87789272
	82326  -  MemoryUsage of job (MB)
	84301700  -  ResidentSetSize of job (KB)
...
006 (4719726.000.000) 04/15 20:58:04 Image size of job updated: 87918464
	82326  -  MemoryUsage of job (MB)
	84301700  -  ResidentSetSize of job (KB)
...
006 (4719726.000.000) 04/15 21:03:05 Image size of job updated: 88289928
	82326  -  MemoryUsage of job (MB)
	84301700  -  ResidentSetSize of job (KB)
...
006 (4719726.000.000) 04/15 21:08:06 Image size of job updated: 89382272
	82326  -  MemoryUsage of job (MB)
	84301700  -  ResidentSetSize of job (KB)
...
006 (4719726.000.000) 04/15 21:13:06 Image size of job updated: 90106928
	82326  -  MemoryUsage of job (MB)
	84301700  -  ResidentSetSize of job (KB)
...
006 (4719726.000.000) 04/15 21:18:06 Image size of job updated: 90137508
	82326  -  MemoryUsage of job (MB)
	84301700  -  ResidentSetSize of job (KB)
...
006 (4719726.000.000) 04/15 21:28:08 Image size of job updated: 90257240
	82326  -  MemoryUsage of job (MB)
	84301700  -  ResidentSetSize of job (KB)
...
040 (4719726.000.000) 04/16 01:42:59 Started transferring output files
...
040 (4719726.000.000) 04/16 01:42:59 Finished transferring output files
...
009 (4719726.000.000) 04/16 01:42:59 Job was aborted.
	Job removed by SYSTEM_PERIODIC_REMOVE due to wall time exceeded allowed max.
...
000 (4721276.000.000) 04/16 09:58:48 Job submitted from host: <188.185.114.121:9618?addrs=188.185.114.121-9618+[2001-1458-d00-a--100-273]-9618&alias=bigbird19.cern.ch&noUDP&sock=schedd_4046901_0ec4>
...
040 (4721276.000.000) 04/16 15:49:12 Started transferring input files
	Transferring to host: <128.142.137.124:9618?addrs=128.142.137.124-9618+[2001-1458-301-5e--100-70]-9618&alias=b7g19p4379.cern.ch&noUDP&sock=slot1_1_29995_f0dd_1524>
...
001 (4721276.000.000) 04/16 15:49:12 Job executing on host: <128.142.137.124:9618?addrs=128.142.137.124-9618+[2001-1458-301-5e--100-70]-9618&alias=b7g19p4379.cern.ch&noUDP&sock=startd_4873_0d18>
...
040 (4721276.000.000) 04/16 15:49:12 Finished transferring input files
...
006 (4721276.000.000) 04/16 15:49:20 Image size of job updated: 32996
	14  -  MemoryUsage of job (MB)
	14132  -  ResidentSetSize of job (KB)
...
006 (4721276.000.000) 04/16 15:54:20 Image size of job updated: 4810656
	4422  -  MemoryUsage of job (MB)
	4527572  -  ResidentSetSize of job (KB)
...
006 (4721276.000.000) 04/16 15:59:21 Image size of job updated: 12948940
	12113  -  MemoryUsage of job (MB)
	12403088  -  ResidentSetSize of job (KB)
...
006 (4721276.000.000) 04/16 16:09:22 Image size of job updated: 14544892
	13692  -  MemoryUsage of job (MB)
	14020168  -  ResidentSetSize of job (KB)
...
006 (4721276.000.000) 04/16 16:14:22 Image size of job updated: 15034136
	14184  -  MemoryUsage of job (MB)
	14524396  -  ResidentSetSize of job (KB)
...
006 (4721276.000.000) 04/16 16:19:23 Image size of job updated: 15181640
	14316  -  MemoryUsage of job (MB)
	14659564  -  ResidentSetSize of job (KB)
...
006 (4721276.000.000) 04/16 16:29:23 Image size of job updated: 15181640
	14317  -  MemoryUsage of job (MB)
	14660160  -  ResidentSetSize of job (KB)
...
006 (4721276.000.000) 04/16 21:49:58 Image size of job updated: 15181640
	14317  -  MemoryUsage of job (MB)
	14660384  -  ResidentSetSize of job (KB)
...
006 (4721276.000.000) 04/16 21:54:58 Image size of job updated: 21482640
	14317  -  MemoryUsage of job (MB)
	14660384  -  ResidentSetSize of job (KB)
...
040 (4721276.000.000) 04/16 23:49:39 Started transferring output files
...
040 (4721276.000.000) 04/16 23:49:39 Finished transferring output files
...
009 (4721276.000.000) 04/16 23:49:39 Job was aborted.
	Job removed by SYSTEM_PERIODIC_REMOVE due to wall time exceeded allowed max.
...
000 (4721745.000.000) 04/17 09:10:37 Job submitted from host: <188.185.114.121:9618?addrs=188.185.114.121-9618+[2001-1458-d00-a--100-273]-9618&alias=bigbird19.cern.ch&noUDP&sock=schedd_4046901_0ec4>
...
040 (4721745.000.000) 04/18 15:29:23 Started transferring input files
	Transferring to host: <128.142.137.78:9618?addrs=128.142.137.78-9618+[2001-1458-301-5e--100-42]-9618&alias=b7g19p8328.cern.ch&noUDP&sock=slot1_1_42632_d9bf_116308>
...
040 (4721745.000.000) 04/18 15:29:23 Finished transferring input files
...
001 (4721745.000.000) 04/18 15:29:23 Job executing on host: <128.142.137.78:9618?addrs=128.142.137.78-9618+[2001-1458-301-5e--100-42]-9618&alias=b7g19p8328.cern.ch&noUDP&sock=startd_42423_3a56>
...
006 (4721745.000.000) 04/18 15:29:32 Image size of job updated: 445356
	13  -  MemoryUsage of job (MB)
	12664  -  ResidentSetSize of job (KB)
...
006 (4721745.000.000) 04/18 15:34:33 Image size of job updated: 32818636
	31666  -  MemoryUsage of job (MB)
	32424984  -  ResidentSetSize of job (KB)
...
006 (4721745.000.000) 04/18 15:39:33 Image size of job updated: 62727996
	59991  -  MemoryUsage of job (MB)
	61430184  -  ResidentSetSize of job (KB)
...
006 (4721745.000.000) 04/18 15:44:33 Image size of job updated: 83702472
	80432  -  MemoryUsage of job (MB)
	82362252  -  ResidentSetSize of job (KB)
...
006 (4721745.000.000) 04/18 18:04:49 Image size of job updated: 89146532
	82643  -  MemoryUsage of job (MB)
	84626348  -  ResidentSetSize of job (KB)
...
006 (4721745.000.000) 04/18 18:09:49 Image size of job updated: 95221940
	87727  -  MemoryUsage of job (MB)
	89831868  -  ResidentSetSize of job (KB)
...
006 (4721745.000.000) 04/18 18:14:51 Image size of job updated: 101304940
	87727  -  MemoryUsage of job (MB)
	89831884  -  ResidentSetSize of job (KB)
...
006 (4721745.000.000) 04/18 18:19:51 Image size of job updated: 107336548
	88272  -  MemoryUsage of job (MB)
	90390240  -  ResidentSetSize of job (KB)
...
006 (4721745.000.000) 04/18 18:24:51 Image size of job updated: 113278956
	88272  -  MemoryUsage of job (MB)
	90390264  -  ResidentSetSize of job (KB)
...
006 (4721745.000.000) 04/18 18:29:52 Image size of job updated: 119228812
	88518  -  MemoryUsage of job (MB)
	90641940  -  ResidentSetSize of job (KB)
...
006 (4721745.000.000) 04/18 18:34:53 Image size of job updated: 125058484
	88518  -  MemoryUsage of job (MB)
	90642000  -  ResidentSetSize of job (KB)
...
006 (4721745.000.000) 04/18 18:39:53 Image size of job updated: 130819484
	88518  -  MemoryUsage of job (MB)
	90642000  -  ResidentSetSize of job (KB)
...
006 (4721745.000.000) 04/18 18:44:53 Image size of job updated: 136513420
	88518  -  MemoryUsage of job (MB)
	90642000  -  ResidentSetSize of job (KB)
...
006 (4721745.000.000) 04/18 18:49:54 Image size of job updated: 142357332
	88518  -  MemoryUsage of job (MB)
	90642000  -  ResidentSetSize of job (KB)
...
006 (4721745.000.000) 04/18 18:54:54 Image size of job updated: 148081216
	88518  -  MemoryUsage of job (MB)
	90642000  -  ResidentSetSize of job (KB)
...
006 (4721745.000.000) 04/18 18:59:54 Image size of job updated: 153534732
	88518  -  MemoryUsage of job (MB)
	90642000  -  ResidentSetSize of job (KB)
...
006 (4721745.000.000) 04/18 19:04:55 Image size of job updated: 158759496
	88518  -  MemoryUsage of job (MB)
	90642000  -  ResidentSetSize of job (KB)
...
006 (4721745.000.000) 04/18 19:09:56 Image size of job updated: 163656816
	88995  -  MemoryUsage of job (MB)
	91130644  -  ResidentSetSize of job (KB)
...
006 (4721745.000.000) 04/18 19:14:06 Image size of job updated: 163656828
	88995  -  MemoryUsage of job (MB)
	91130744  -  ResidentSetSize of job (KB)
...
040 (4721745.000.000) 04/18 19:14:06 Started transferring output files
...
040 (4721745.000.000) 04/18 19:14:06 Finished transferring output files
...
005 (4721745.000.000) 04/18 19:14:06 Job terminated.
	(1) Normal termination (return value 0)
		Usr 0 03:01:25, Sys 0 00:32:42  -  Run Remote Usage
		Usr 0 00:00:00, Sys 0 00:00:00  -  Run Local Usage
		Usr 0 03:01:25, Sys 0 00:32:42  -  Total Remote Usage
		Usr 0 00:00:00, Sys 0 00:00:00  -  Total Local Usage
	600340  -  Run Bytes Sent By Job
	1276  -  Run Bytes Received By Job
	600340  -  Total Bytes Sent By Job
	1276  -  Total Bytes Received By Job
	Partitionable Resources :    Usage  Request Allocated 
	   Cpus                 :     0.95       48        48 
	   Disk (KB)            :  2558           2   1684348 
	   Memory (MB)          : 88995       92160     92200 

	Job terminated of its own accord at 2022-04-18T17:14:06Z.
...
000 (4724823.000.000) 04/19 08:31:24 Job submitted from host: <188.185.114.121:9618?addrs=188.185.114.121-9618+[2001-1458-d00-a--100-273]-9618&alias=bigbird19.cern.ch&noUDP&sock=schedd_4046901_0ec4>
...
040 (4724823.000.000) 04/19 08:33:35 Started transferring input files
	Transferring to host: <128.142.62.13:9618?addrs=128.142.62.13-9618+[2001-1458-301-37--100-c]-9618&alias=b7s07p8609.cern.ch&noUDP&sock=slot1_1_3583_4c2b_39548>
...
040 (4724823.000.000) 04/19 08:33:35 Finished transferring input files
...
001 (4724823.000.000) 04/19 08:33:35 Job executing on host: <128.142.62.13:9618?addrs=128.142.62.13-9618+[2001-1458-301-37--100-c]-9618&alias=b7s07p8609.cern.ch&noUDP&sock=startd_3017_fd52>
...
006 (4724823.000.000) 04/19 08:33:44 Image size of job updated: 445352
	13  -  MemoryUsage of job (MB)
	12856  -  ResidentSetSize of job (KB)
...
006 (4724823.000.000) 04/19 08:38:45 Image size of job updated: 36409512
	35182  -  MemoryUsage of job (MB)
	36025768  -  ResidentSetSize of job (KB)
...
006 (4724823.000.000) 04/19 08:43:46 Image size of job updated: 82545052
	79378  -  MemoryUsage of job (MB)
	81282352  -  ResidentSetSize of job (KB)
...
006 (4724823.000.000) 04/19 08:48:46 Image size of job updated: 83710744
	80437  -  MemoryUsage of job (MB)
	82366924  -  ResidentSetSize of job (KB)
...
006 (4724823.000.000) 04/19 11:24:03 Image size of job updated: 84005492
	80688  -  MemoryUsage of job (MB)
	82624300  -  ResidentSetSize of job (KB)
...
006 (4724823.000.000) 04/19 11:29:05 Image size of job updated: 85277208
	81934  -  MemoryUsage of job (MB)
	83899616  -  ResidentSetSize of job (KB)
...
006 (4724823.000.000) 04/19 11:34:05 Image size of job updated: 85629580
	82281  -  MemoryUsage of job (MB)
	84255016  -  ResidentSetSize of job (KB)
...
006 (4724823.000.000) 04/19 11:39:05 Image size of job updated: 86286396
	82924  -  MemoryUsage of job (MB)
	84913940  -  ResidentSetSize of job (KB)
...
006 (4724823.000.000) 04/19 11:44:06 Image size of job updated: 87005892
	83629  -  MemoryUsage of job (MB)
	85635440  -  ResidentSetSize of job (KB)
...
006 (4724823.000.000) 04/19 11:49:07 Image size of job updated: 87677424
	84286  -  MemoryUsage of job (MB)
	86308828  -  ResidentSetSize of job (KB)
...
006 (4724823.000.000) 04/19 11:54:07 Image size of job updated: 87848820
	84455  -  MemoryUsage of job (MB)
	86481912  -  ResidentSetSize of job (KB)
...
006 (4724823.000.000) 04/19 11:59:07 Image size of job updated: 87876908
	84484  -  MemoryUsage of job (MB)
	86511132  -  ResidentSetSize of job (KB)
...
006 (4724823.000.000) 04/19 12:04:08 Image size of job updated: 88616048
	85210  -  MemoryUsage of job (MB)
	87254608  -  ResidentSetSize of job (KB)
...
006 (4724823.000.000) 04/19 12:09:08 Image size of job updated: 89265196
	85841  -  MemoryUsage of job (MB)
	87900556  -  ResidentSetSize of job (KB)
...
006 (4724823.000.000) 04/19 12:14:08 Image size of job updated: 89744528
	86321  -  MemoryUsage of job (MB)
	88391992  -  ResidentSetSize of job (KB)
...
006 (4724823.000.000) 04/19 12:19:09 Image size of job updated: 89998432
	86558  -  MemoryUsage of job (MB)
	88635072  -  ResidentSetSize of job (KB)
...
006 (4724823.000.000) 04/19 12:24:10 Image size of job updated: 90039208
	86599  -  MemoryUsage of job (MB)
	88676392  -  ResidentSetSize of job (KB)
...
006 (4724823.000.000) 04/19 12:29:10 Image size of job updated: 90039208
	86599  -  MemoryUsage of job (MB)
	88676688  -  ResidentSetSize of job (KB)
...
006 (4724823.000.000) 04/19 12:34:11 Image size of job updated: 90086972
	86646  -  MemoryUsage of job (MB)
	88724572  -  ResidentSetSize of job (KB)
...
006 (4724823.000.000) 04/19 12:39:13 Image size of job updated: 90555720
	86646  -  MemoryUsage of job (MB)
	88724572  -  ResidentSetSize of job (KB)
...
040 (4724823.000.000) 04/19 16:33:59 Started transferring output files
...
040 (4724823.000.000) 04/19 16:33:59 Finished transferring output files
...
009 (4724823.000.000) 04/19 16:33:59 Job was aborted.
	Job removed by SYSTEM_PERIODIC_REMOVE due to wall time exceeded allowed max.
...
