Warning in <TClass::TClass>: no dictionary for class ROOT::TIOFeatures is available
SysError in <TFile::TFile>: file cp_data_pl001_105/01_001.cp.root can not be opened (No such file or directory)
SysError in <TFile::TFile>: file cp_data_pl001_105/01_001_rej.cp.root can not be opened (No such file or directory)
SysError in <TFile::TFile>: file cp_data_pl001_105/02_001.cp.root can not be opened (No such file or directory)
SysError in <TFile::TFile>: file cp_data_pl001_105/02_001_rej.cp.root can not be opened (No such file or directory)
SysError in <TFile::TFile>: file cp_data_pl001_105/03_001.cp.root can not be opened (No such file or directory)
SysError in <TFile::TFile>: file cp_data_pl001_105/03_001_rej.cp.root can not be opened (No such file or directory)
SysError in <TFile::TFile>: file cp_data_pl001_105/04_001.cp.root can not be opened (No such file or directory)
SysError in <TFile::TFile>: file cp_data_pl001_105/04_001_rej.cp.root can not be opened (No such file or directory)
SysError in <TFile::TFile>: file cp_data_pl001_105/05_001.cp.root can not be opened (No such file or directory)
SysError in <TFile::TFile>: file cp_data_pl001_105/05_001_rej.cp.root can not be opened (No such file or directory)
SysError in <TFile::TFile>: file cp_data_pl001_105/06_001.cp.root can not be opened (No such file or directory)
SysError in <TFile::TFile>: file cp_data_pl001_105/06_001_rej.cp.root can not be opened (No such file or directory)
SysError in <TFile::TFile>: file cp_data_pl001_105/07_001.cp.root can not be opened (No such file or directory)
SysError in <TFile::TFile>: file cp_data_pl001_105/07_001_rej.cp.root can not be opened (No such file or directory)
SysError in <TFile::TFile>: file cp_data_pl001_105/08_001.cp.root can not be opened (No such file or directory)
SysError in <TFile::TFile>: file cp_data_pl001_105/08_001_rej.cp.root can not be opened (No such file or directory)
SysError in <TFile::TFile>: file cp_data_pl001_105/09_001.cp.root can not be opened (No such file or directory)
SysError in <TFile::TFile>: file cp_data_pl001_105/09_001_rej.cp.root can not be opened (No such file or directory)
SysError in <TFile::TFile>: file cp_data_pl001_105/10_001.cp.root can not be opened (No such file or directory)
SysError in <TFile::TFile>: file cp_data_pl001_105/10_001_rej.cp.root can not be opened (No such file or directory)
SysError in <TFile::TFile>: file cp_data_pl001_105/11_001.cp.root can not be opened (No such file or directory)
SysError in <TFile::TFile>: file cp_data_pl001_105/11_001_rej.cp.root can not be opened (No such file or directory)
SysError in <TFile::TFile>: file cp_data_pl001_105/12_001.cp.root can not be opened (No such file or directory)
SysError in <TFile::TFile>: file cp_data_pl001_105/12_001_rej.cp.root can not be opened (No such file or directory)
SysError in <TFile::TFile>: file cp_data_pl001_105/13_001.cp.root can not be opened (No such file or directory)
SysError in <TFile::TFile>: file cp_data_pl001_105/13_001_rej.cp.root can not be opened (No such file or directory)
SysError in <TFile::TFile>: file cp_data_pl001_105/14_001.cp.root can not be opened (No such file or directory)
SysError in <TFile::TFile>: file cp_data_pl001_105/14_001_rej.cp.root can not be opened (No such file or directory)
SysError in <TFile::TFile>: file cp_data_pl001_105/15_001.cp.root can not be opened (No such file or directory)
SysError in <TFile::TFile>: file cp_data_pl001_105/15_001_rej.cp.root can not be opened (No such file or directory)
SysError in <TFile::TFile>: file cp_data_pl001_105/16_001.cp.root can not be opened (No such file or directory)
SysError in <TFile::TFile>: file cp_data_pl001_105/16_001_rej.cp.root can not be opened (No such file or directory)
SysError in <TFile::TFile>: file cp_data_pl001_105/17_001.cp.root can not be opened (No such file or directory)
SysError in <TFile::TFile>: file cp_data_pl001_105/17_001_rej.cp.root can not be opened (No such file or directory)
SysError in <TFile::TFile>: file cp_data_pl001_105/18_001.cp.root can not be opened (No such file or directory)
SysError in <TFile::TFile>: file cp_data_pl001_105/18_001_rej.cp.root can not be opened (No such file or directory)
SysError in <TFile::TFile>: file cp_data_pl001_105/19_001.cp.root can not be opened (No such file or directory)
SysError in <TFile::TFile>: file cp_data_pl001_105/19_001_rej.cp.root can not be opened (No such file or directory)
SysError in <TFile::TFile>: file cp_data_pl001_105/20_001.cp.root can not be opened (No such file or directory)
SysError in <TFile::TFile>: file cp_data_pl001_105/20_001_rej.cp.root can not be opened (No such file or directory)
SysError in <TFile::TFile>: file cp_data_pl001_105/21_001.cp.root can not be opened (No such file or directory)
SysError in <TFile::TFile>: file cp_data_pl001_105/21_001_rej.cp.root can not be opened (No such file or directory)
SysError in <TFile::TFile>: file cp_data_pl001_105/22_001.cp.root can not be opened (No such file or directory)
SysError in <TFile::TFile>: file cp_data_pl001_105/22_001_rej.cp.root can not be opened (No such file or directory)
SysError in <TFile::TFile>: file cp_data_pl001_105/23_001.cp.root can not be opened (No such file or directory)
SysError in <TFile::TFile>: file cp_data_pl001_105/23_001_rej.cp.root can not be opened (No such file or directory)
SysError in <TFile::TFile>: file cp_data_pl001_105/24_001.cp.root can not be opened (No such file or directory)
SysError in <TFile::TFile>: file cp_data_pl001_105/24_001_rej.cp.root can not be opened (No such file or directory)
SysError in <TFile::TFile>: file cp_data_pl001_105/25_001.cp.root can not be opened (No such file or directory)
SysError in <TFile::TFile>: file cp_data_pl001_105/25_001_rej.cp.root can not be opened (No such file or directory)
SysError in <TFile::TFile>: file cp_data_pl001_105/26_001.cp.root can not be opened (No such file or directory)
SysError in <TFile::TFile>: file cp_data_pl001_105/26_001_rej.cp.root can not be opened (No such file or directory)
SysError in <TFile::TFile>: file cp_data_pl001_105/27_001.cp.root can not be opened (No such file or directory)
SysError in <TFile::TFile>: file cp_data_pl001_105/27_001_rej.cp.root can not be opened (No such file or directory)
SysError in <TFile::TFile>: file cp_data_pl001_105/28_001.cp.root can not be opened (No such file or directory)
SysError in <TFile::TFile>: file cp_data_pl001_105/28_001_rej.cp.root can not be opened (No such file or directory)
SysError in <TFile::TFile>: file cp_data_pl001_105/29_001.cp.root can not be opened (No such file or directory)
SysError in <TFile::TFile>: file cp_data_pl001_105/29_001_rej.cp.root can not be opened (No such file or directory)
SysError in <TFile::TFile>: file cp_data_pl001_105/30_001.cp.root can not be opened (No such file or directory)
SysError in <TFile::TFile>: file cp_data_pl001_105/30_001_rej.cp.root can not be opened (No such file or directory)
SysError in <TFile::TFile>: file cp_data_pl001_105/31_001.cp.root can not be opened (No such file or directory)
SysError in <TFile::TFile>: file cp_data_pl001_105/31_001_rej.cp.root can not be opened (No such file or directory)
SysError in <TFile::TFile>: file cp_data_pl001_105/32_001.cp.root can not be opened (No such file or directory)
SysError in <TFile::TFile>: file cp_data_pl001_105/32_001_rej.cp.root can not be opened (No such file or directory)
SysError in <TFile::TFile>: file cp_data_pl001_105/33_001.cp.root can not be opened (No such file or directory)
SysError in <TFile::TFile>: file cp_data_pl001_105/33_001_rej.cp.root can not be opened (No such file or directory)
SysError in <TFile::TFile>: file cp_data_pl001_105/34_001.cp.root can not be opened (No such file or directory)
SysError in <TFile::TFile>: file cp_data_pl001_105/34_001_rej.cp.root can not be opened (No such file or directory)
SysError in <TFile::TFile>: file cp_data_pl001_105/35_001.cp.root can not be opened (No such file or directory)
SysError in <TFile::TFile>: file cp_data_pl001_105/35_001_rej.cp.root can not be opened (No such file or directory)
SysError in <TFile::TFile>: file cp_data_pl001_105/36_001.cp.root can not be opened (No such file or directory)
SysError in <TFile::TFile>: file cp_data_pl001_105/36_001_rej.cp.root can not be opened (No such file or directory)
SysError in <TFile::TFile>: file cp_data_pl001_105/37_001.cp.root can not be opened (No such file or directory)
SysError in <TFile::TFile>: file cp_data_pl001_105/37_001_rej.cp.root can not be opened (No such file or directory)
SysError in <TFile::TFile>: file cp_data_pl001_105/38_001.cp.root can not be opened (No such file or directory)
SysError in <TFile::TFile>: file cp_data_pl001_105/38_001_rej.cp.root can not be opened (No such file or directory)
SysError in <TFile::TFile>: file cp_data_pl001_105/39_001.cp.root can not be opened (No such file or directory)
SysError in <TFile::TFile>: file cp_data_pl001_105/39_001_rej.cp.root can not be opened (No such file or directory)
SysError in <TFile::TFile>: file cp_data_pl001_105/40_001.cp.root can not be opened (No such file or directory)
SysError in <TFile::TFile>: file cp_data_pl001_105/40_001_rej.cp.root can not be opened (No such file or directory)
SysError in <TFile::TFile>: file cp_data_pl001_105/41_001.cp.root can not be opened (No such file or directory)
SysError in <TFile::TFile>: file cp_data_pl001_105/41_001_rej.cp.root can not be opened (No such file or directory)
SysError in <TFile::TFile>: file cp_data_pl001_105/42_001.cp.root can not be opened (No such file or directory)
SysError in <TFile::TFile>: file cp_data_pl001_105/42_001_rej.cp.root can not be opened (No such file or directory)
SysError in <TFile::TFile>: file cp_data_pl001_105/43_001.cp.root can not be opened (No such file or directory)
SysError in <TFile::TFile>: file cp_data_pl001_105/43_001_rej.cp.root can not be opened (No such file or directory)
SysError in <TFile::TFile>: file cp_data_pl001_105/44_001.cp.root can not be opened (No such file or directory)
SysError in <TFile::TFile>: file cp_data_pl001_105/44_001_rej.cp.root can not be opened (No such file or directory)
SysError in <TFile::TFile>: file cp_data_pl001_105/45_001.cp.root can not be opened (No such file or directory)
SysError in <TFile::TFile>: file cp_data_pl001_105/45_001_rej.cp.root can not be opened (No such file or directory)
SysError in <TFile::TFile>: file cp_data_pl001_105/46_001.cp.root can not be opened (No such file or directory)
SysError in <TFile::TFile>: file cp_data_pl001_105/46_001_rej.cp.root can not be opened (No such file or directory)
SysError in <TFile::TFile>: file cp_data_pl001_105/47_001.cp.root can not be opened (No such file or directory)
SysError in <TFile::TFile>: file cp_data_pl001_105/47_001_rej.cp.root can not be opened (No such file or directory)
SysError in <TFile::TFile>: file cp_data_pl001_105/48_001.cp.root can not be opened (No such file or directory)
SysError in <TFile::TFile>: file cp_data_pl001_105/48_001_rej.cp.root can not be opened (No such file or directory)
SysError in <TFile::TFile>: file cp_data_pl001_105/49_001.cp.root can not be opened (No such file or directory)
SysError in <TFile::TFile>: file cp_data_pl001_105/49_001_rej.cp.root can not be opened (No such file or directory)
SysError in <TFile::TFile>: file cp_data_pl001_105/50_001.cp.root can not be opened (No such file or directory)
SysError in <TFile::TFile>: file cp_data_pl001_105/50_001_rej.cp.root can not be opened (No such file or directory)
SysError in <TFile::TFile>: file cp_data_pl001_105/51_001.cp.root can not be opened (No such file or directory)
SysError in <TFile::TFile>: file cp_data_pl001_105/51_001_rej.cp.root can not be opened (No such file or directory)
SysError in <TFile::TFile>: file cp_data_pl001_105/52_001.cp.root can not be opened (No such file or directory)
SysError in <TFile::TFile>: file cp_data_pl001_105/52_001_rej.cp.root can not be opened (No such file or directory)
SysError in <TFile::TFile>: file cp_data_pl001_105/53_001.cp.root can not be opened (No such file or directory)
SysError in <TFile::TFile>: file cp_data_pl001_105/53_001_rej.cp.root can not be opened (No such file or directory)
SysError in <TFile::TFile>: file cp_data_pl001_105/54_001.cp.root can not be opened (No such file or directory)
SysError in <TFile::TFile>: file cp_data_pl001_105/54_001_rej.cp.root can not be opened (No such file or directory)
SysError in <TFile::TFile>: file cp_data_pl001_105/55_001.cp.root can not be opened (No such file or directory)
SysError in <TFile::TFile>: file cp_data_pl001_105/55_001_rej.cp.root can not be opened (No such file or directory)
SysError in <TFile::TFile>: file cp_data_pl001_105/56_001.cp.root can not be opened (No such file or directory)
SysError in <TFile::TFile>: file cp_data_pl001_105/56_001_rej.cp.root can not be opened (No such file or directory)
SysError in <TFile::TFile>: file cp_data_pl001_105/57_001.cp.root can not be opened (No such file or directory)
SysError in <TFile::TFile>: file cp_data_pl001_105/57_001_rej.cp.root can not be opened (No such file or directory)
SysError in <TFile::TFile>: file cp_data_pl001_105/58_001.cp.root can not be opened (No such file or directory)
SysError in <TFile::TFile>: file cp_data_pl001_105/58_001_rej.cp.root can not be opened (No such file or directory)
SysError in <TFile::TFile>: file cp_data_pl001_105/59_001.cp.root can not be opened (No such file or directory)
SysError in <TFile::TFile>: file cp_data_pl001_105/59_001_rej.cp.root can not be opened (No such file or directory)
SysError in <TFile::TFile>: file cp_data_pl001_105/60_001.cp.root can not be opened (No such file or directory)
SysError in <TFile::TFile>: file cp_data_pl001_105/60_001_rej.cp.root can not be opened (No such file or directory)
SysError in <TFile::TFile>: file cp_data_pl001_105/61_001.cp.root can not be opened (No such file or directory)
SysError in <TFile::TFile>: file cp_data_pl001_105/61_001_rej.cp.root can not be opened (No such file or directory)
SysError in <TFile::TFile>: file cp_data_pl001_105/62_001.cp.root can not be opened (No such file or directory)
SysError in <TFile::TFile>: file cp_data_pl001_105/62_001_rej.cp.root can not be opened (No such file or directory)
SysError in <TFile::TFile>: file cp_data_pl001_105/63_001.cp.root can not be opened (No such file or directory)
SysError in <TFile::TFile>: file cp_data_pl001_105/63_001_rej.cp.root can not be opened (No such file or directory)
SysError in <TFile::TFile>: file cp_data_pl001_105/64_001.cp.root can not be opened (No such file or directory)
SysError in <TFile::TFile>: file cp_data_pl001_105/64_001_rej.cp.root can not be opened (No such file or directory)
SysError in <TFile::TFile>: file cp_data_pl001_105/65_001.cp.root can not be opened (No such file or directory)
SysError in <TFile::TFile>: file cp_data_pl001_105/65_001_rej.cp.root can not be opened (No such file or directory)
SysError in <TFile::TFile>: file cp_data_pl001_105/66_001.cp.root can not be opened (No such file or directory)
SysError in <TFile::TFile>: file cp_data_pl001_105/66_001_rej.cp.root can not be opened (No such file or directory)
SysError in <TFile::TFile>: file cp_data_pl001_105/67_001.cp.root can not be opened (No such file or directory)
SysError in <TFile::TFile>: file cp_data_pl001_105/67_001_rej.cp.root can not be opened (No such file or directory)
SysError in <TFile::TFile>: file cp_data_pl001_105/68_001.cp.root can not be opened (No such file or directory)
SysError in <TFile::TFile>: file cp_data_pl001_105/68_001_rej.cp.root can not be opened (No such file or directory)
SysError in <TFile::TFile>: file cp_data_pl001_105/69_001.cp.root can not be opened (No such file or directory)
SysError in <TFile::TFile>: file cp_data_pl001_105/69_001_rej.cp.root can not be opened (No such file or directory)
SysError in <TFile::TFile>: file cp_data_pl001_105/70_001.cp.root can not be opened (No such file or directory)
SysError in <TFile::TFile>: file cp_data_pl001_105/70_001_rej.cp.root can not be opened (No such file or directory)
SysError in <TFile::TFile>: file cp_data_pl001_105/71_001.cp.root can not be opened (No such file or directory)
SysError in <TFile::TFile>: file cp_data_pl001_105/71_001_rej.cp.root can not be opened (No such file or directory)
SysError in <TFile::TFile>: file cp_data_pl001_105/72_001.cp.root can not be opened (No such file or directory)
SysError in <TFile::TFile>: file cp_data_pl001_105/72_001_rej.cp.root can not be opened (No such file or directory)
SysError in <TFile::TFile>: file cp_data_pl001_105/73_001.cp.root can not be opened (No such file or directory)
SysError in <TFile::TFile>: file cp_data_pl001_105/73_001_rej.cp.root can not be opened (No such file or directory)
SysError in <TFile::TFile>: file cp_data_pl001_105/74_001.cp.root can not be opened (No such file or directory)
SysError in <TFile::TFile>: file cp_data_pl001_105/74_001_rej.cp.root can not be opened (No such file or directory)
SysError in <TFile::TFile>: file cp_data_pl001_105/75_001.cp.root can not be opened (No such file or directory)
SysError in <TFile::TFile>: file cp_data_pl001_105/75_001_rej.cp.root can not be opened (No such file or directory)
SysError in <TFile::TFile>: file cp_data_pl001_105/76_001.cp.root can not be opened (No such file or directory)
SysError in <TFile::TFile>: file cp_data_pl001_105/76_001_rej.cp.root can not be opened (No such file or directory)
SysError in <TFile::TFile>: file cp_data_pl001_105/77_001.cp.root can not be opened (No such file or directory)
SysError in <TFile::TFile>: file cp_data_pl001_105/77_001_rej.cp.root can not be opened (No such file or directory)
SysError in <TFile::TFile>: file cp_data_pl001_105/78_001.cp.root can not be opened (No such file or directory)
SysError in <TFile::TFile>: file cp_data_pl001_105/78_001_rej.cp.root can not be opened (No such file or directory)
SysError in <TFile::TFile>: file cp_data_pl001_105/79_001.cp.root can not be opened (No such file or directory)
SysError in <TFile::TFile>: file cp_data_pl001_105/79_001_rej.cp.root can not be opened (No such file or directory)
SysError in <TFile::TFile>: file cp_data_pl001_105/80_001.cp.root can not be opened (No such file or directory)
SysError in <TFile::TFile>: file cp_data_pl001_105/80_001_rej.cp.root can not be opened (No such file or directory)
SysError in <TFile::TFile>: file cp_data_pl001_105/81_001.cp.root can not be opened (No such file or directory)
SysError in <TFile::TFile>: file cp_data_pl001_105/81_001_rej.cp.root can not be opened (No such file or directory)
SysError in <TFile::TFile>: file cp_data_pl001_105/82_001.cp.root can not be opened (No such file or directory)
SysError in <TFile::TFile>: file cp_data_pl001_105/82_001_rej.cp.root can not be opened (No such file or directory)
SysError in <TFile::TFile>: file cp_data_pl001_105/83_001.cp.root can not be opened (No such file or directory)
SysError in <TFile::TFile>: file cp_data_pl001_105/83_001_rej.cp.root can not be opened (No such file or directory)
SysError in <TFile::TFile>: file cp_data_pl001_105/84_001.cp.root can not be opened (No such file or directory)
SysError in <TFile::TFile>: file cp_data_pl001_105/84_001_rej.cp.root can not be opened (No such file or directory)
SysError in <TFile::TFile>: file cp_data_pl001_105/85_001.cp.root can not be opened (No such file or directory)
SysError in <TFile::TFile>: file cp_data_pl001_105/85_001_rej.cp.root can not be opened (No such file or directory)
SysError in <TFile::TFile>: file cp_data_pl001_105/86_001.cp.root can not be opened (No such file or directory)
SysError in <TFile::TFile>: file cp_data_pl001_105/86_001_rej.cp.root can not be opened (No such file or directory)
SysError in <TFile::TFile>: file cp_data_pl001_105/87_001.cp.root can not be opened (No such file or directory)
SysError in <TFile::TFile>: file cp_data_pl001_105/87_001_rej.cp.root can not be opened (No such file or directory)
SysError in <TFile::TFile>: file cp_data_pl001_105/88_001.cp.root can not be opened (No such file or directory)
SysError in <TFile::TFile>: file cp_data_pl001_105/88_001_rej.cp.root can not be opened (No such file or directory)
SysError in <TFile::TFile>: file cp_data_pl001_105/89_001.cp.root can not be opened (No such file or directory)
SysError in <TFile::TFile>: file cp_data_pl001_105/89_001_rej.cp.root can not be opened (No such file or directory)
SysError in <TFile::TFile>: file cp_data_pl001_105/90_001.cp.root can not be opened (No such file or directory)
SysError in <TFile::TFile>: file cp_data_pl001_105/90_001_rej.cp.root can not be opened (No such file or directory)
SysError in <TFile::TFile>: file cp_data_pl001_105/91_001.cp.root can not be opened (No such file or directory)
SysError in <TFile::TFile>: file cp_data_pl001_105/91_001_rej.cp.root can not be opened (No such file or directory)
SysError in <TFile::TFile>: file cp_data_pl001_105/92_001.cp.root can not be opened (No such file or directory)
SysError in <TFile::TFile>: file cp_data_pl001_105/92_001_rej.cp.root can not be opened (No such file or directory)
SysError in <TFile::TFile>: file cp_data_pl001_105/93_001.cp.root can not be opened (No such file or directory)
SysError in <TFile::TFile>: file cp_data_pl001_105/93_001_rej.cp.root can not be opened (No such file or directory)
SysError in <TFile::TFile>: file cp_data_pl001_105/94_001.cp.root can not be opened (No such file or directory)
SysError in <TFile::TFile>: file cp_data_pl001_105/94_001_rej.cp.root can not be opened (No such file or directory)
SysError in <TFile::TFile>: file cp_data_pl001_105/95_001.cp.root can not be opened (No such file or directory)
SysError in <TFile::TFile>: file cp_data_pl001_105/95_001_rej.cp.root can not be opened (No such file or directory)
SysError in <TFile::TFile>: file cp_data_pl001_105/96_001.cp.root can not be opened (No such file or directory)
SysError in <TFile::TFile>: file cp_data_pl001_105/96_001_rej.cp.root can not be opened (No such file or directory)
SysError in <TFile::TFile>: file cp_data_pl001_105/97_001.cp.root can not be opened (No such file or directory)
SysError in <TFile::TFile>: file cp_data_pl001_105/97_001_rej.cp.root can not be opened (No such file or directory)
SysError in <TFile::TFile>: file cp_data_pl001_105/98_001.cp.root can not be opened (No such file or directory)
SysError in <TFile::TFile>: file cp_data_pl001_105/98_001_rej.cp.root can not be opened (No such file or directory)
SysError in <TFile::TFile>: file cp_data_pl001_105/99_001.cp.root can not be opened (No such file or directory)
SysError in <TFile::TFile>: file cp_data_pl001_105/99_001_rej.cp.root can not be opened (No such file or directory)
SysError in <TFile::TFile>: file cp_data_pl001_105/100_001.cp.root can not be opened (No such file or directory)
SysError in <TFile::TFile>: file cp_data_pl001_105/100_001_rej.cp.root can not be opened (No such file or directory)
SysError in <TFile::TFile>: file cp_data_pl001_105/101_001.cp.root can not be opened (No such file or directory)
SysError in <TFile::TFile>: file cp_data_pl001_105/101_001_rej.cp.root can not be opened (No such file or directory)
SysError in <TFile::TFile>: file cp_data_pl001_105/102_001.cp.root can not be opened (No such file or directory)
SysError in <TFile::TFile>: file cp_data_pl001_105/102_001_rej.cp.root can not be opened (No such file or directory)
SysError in <TFile::TFile>: file cp_data_pl001_105/103_001.cp.root can not be opened (No such file or directory)
SysError in <TFile::TFile>: file cp_data_pl001_105/103_001_rej.cp.root can not be opened (No such file or directory)
SysError in <TFile::TFile>: file cp_data_pl001_105/104_001.cp.root can not be opened (No such file or directory)
SysError in <TFile::TFile>: file cp_data_pl001_105/104_001_rej.cp.root can not be opened (No such file or directory)
SysError in <TFile::TFile>: file cp_data_pl001_105/105_001.cp.root can not be opened (No such file or directory)
SysError in <TFile::TFile>: file cp_data_pl001_105/105_001_rej.cp.root can not be opened (No such file or directory)
SysError in <TFile::TFile>: file cp_data_pl001_105/106_001.cp.root can not be opened (No such file or directory)
SysError in <TFile::TFile>: file cp_data_pl001_105/106_001_rej.cp.root can not be opened (No such file or directory)
SysError in <TFile::TFile>: file cp_data_pl001_105/107_001.cp.root can not be opened (No such file or directory)
SysError in <TFile::TFile>: file cp_data_pl001_105/107_001_rej.cp.root can not be opened (No such file or directory)
SysError in <TFile::TFile>: file cp_data_pl001_105/108_001.cp.root can not be opened (No such file or directory)
SysError in <TFile::TFile>: file cp_data_pl001_105/108_001_rej.cp.root can not be opened (No such file or directory)
SysError in <TFile::TFile>: file cp_data_pl001_105/109_001.cp.root can not be opened (No such file or directory)
SysError in <TFile::TFile>: file cp_data_pl001_105/109_001_rej.cp.root can not be opened (No such file or directory)
SysError in <TFile::TFile>: file cp_data_pl001_105/110_001.cp.root can not be opened (No such file or directory)
SysError in <TFile::TFile>: file cp_data_pl001_105/110_001_rej.cp.root can not be opened (No such file or directory)
SysError in <TFile::TFile>: file cp_data_pl001_105/111_001.cp.root can not be opened (No such file or directory)
SysError in <TFile::TFile>: file cp_data_pl001_105/111_001_rej.cp.root can not be opened (No such file or directory)
SysError in <TFile::TFile>: file cp_data_pl001_105/112_001.cp.root can not be opened (No such file or directory)
SysError in <TFile::TFile>: file cp_data_pl001_105/112_001_rej.cp.root can not be opened (No such file or directory)
SysError in <TFile::TFile>: file cp_data_pl001_105/113_001.cp.root can not be opened (No such file or directory)
SysError in <TFile::TFile>: file cp_data_pl001_105/113_001_rej.cp.root can not be opened (No such file or directory)
SysError in <TFile::TFile>: file cp_data_pl001_105/114_001.cp.root can not be opened (No such file or directory)
SysError in <TFile::TFile>: file cp_data_pl001_105/114_001_rej.cp.root can not be opened (No such file or directory)
SysError in <TFile::TFile>: file cp_data_pl001_105/115_001.cp.root can not be opened (No such file or directory)
SysError in <TFile::TFile>: file cp_data_pl001_105/115_001_rej.cp.root can not be opened (No such file or directory)
SysError in <TFile::TFile>: file cp_data_pl001_105/116_001.cp.root can not be opened (No such file or directory)
SysError in <TFile::TFile>: file cp_data_pl001_105/116_001_rej.cp.root can not be opened (No such file or directory)
SysError in <TFile::TFile>: file cp_data_pl001_105/117_001.cp.root can not be opened (No such file or directory)
SysError in <TFile::TFile>: file cp_data_pl001_105/117_001_rej.cp.root can not be opened (No such file or directory)
SysError in <TFile::TFile>: file cp_data_pl001_105/118_001.cp.root can not be opened (No such file or directory)
SysError in <TFile::TFile>: file cp_data_pl001_105/118_001_rej.cp.root can not be opened (No such file or directory)
SysError in <TFile::TFile>: file cp_data_pl001_105/119_001.cp.root can not be opened (No such file or directory)
SysError in <TFile::TFile>: file cp_data_pl001_105/119_001_rej.cp.root can not be opened (No such file or directory)
SysError in <TFile::TFile>: file cp_data_pl001_105/120_001.cp.root can not be opened (No such file or directory)
SysError in <TFile::TFile>: file cp_data_pl001_105/120_001_rej.cp.root can not be opened (No such file or directory)
SysError in <TFile::TFile>: file cp_data_pl001_105/121_001.cp.root can not be opened (No such file or directory)
SysError in <TFile::TFile>: file cp_data_pl001_105/121_001_rej.cp.root can not be opened (No such file or directory)
SysError in <TFile::TFile>: file cp_data_pl001_105/122_001.cp.root can not be opened (No such file or directory)
SysError in <TFile::TFile>: file cp_data_pl001_105/122_001_rej.cp.root can not be opened (No such file or directory)
SysError in <TFile::TFile>: file cp_data_pl001_105/123_001.cp.root can not be opened (No such file or directory)
SysError in <TFile::TFile>: file cp_data_pl001_105/123_001_rej.cp.root can not be opened (No such file or directory)
SysError in <TFile::TFile>: file cp_data_pl001_105/124_001.cp.root can not be opened (No such file or directory)
SysError in <TFile::TFile>: file cp_data_pl001_105/124_001_rej.cp.root can not be opened (No such file or directory)
SysError in <TFile::TFile>: file cp_data_pl001_105/125_001.cp.root can not be opened (No such file or directory)
SysError in <TFile::TFile>: file cp_data_pl001_105/125_001_rej.cp.root can not be opened (No such file or directory)
SysError in <TFile::TFile>: file cp_data_pl001_105/126_001.cp.root can not be opened (No such file or directory)
SysError in <TFile::TFile>: file cp_data_pl001_105/126_001_rej.cp.root can not be opened (No such file or directory)
SysError in <TFile::TFile>: file cp_data_pl001_105/127_001.cp.root can not be opened (No such file or directory)
SysError in <TFile::TFile>: file cp_data_pl001_105/127_001_rej.cp.root can not be opened (No such file or directory)
SysError in <TFile::TFile>: file cp_data_pl001_105/128_001.cp.root can not be opened (No such file or directory)
SysError in <TFile::TFile>: file cp_data_pl001_105/128_001_rej.cp.root can not be opened (No such file or directory)
SysError in <TFile::TFile>: file cp_data_pl001_105/129_001.cp.root can not be opened (No such file or directory)
SysError in <TFile::TFile>: file cp_data_pl001_105/129_001_rej.cp.root can not be opened (No such file or directory)
SysError in <TFile::TFile>: file cp_data_pl001_105/130_001.cp.root can not be opened (No such file or directory)
SysError in <TFile::TFile>: file cp_data_pl001_105/130_001_rej.cp.root can not be opened (No such file or directory)
SysError in <TFile::TFile>: file cp_data_pl001_105/131_001.cp.root can not be opened (No such file or directory)
SysError in <TFile::TFile>: file cp_data_pl001_105/131_001_rej.cp.root can not be opened (No such file or directory)
Error in <TROOT::WriteTObject>: The current directory (root) is not associated with a file. The object (couples) has not been written.
Error in <TVirtualPadPainter::Streamer>: version id <=0 in ClassDef, dummy Streamer() called

 *** Break *** segmentation violation



===========================================================
There was a crash.
This is the entire stack trace of all threads:
===========================================================
#0  0x00002afea482d60c in waitpid () from /lib64/libc.so.6
#1  0x00002afea47aaf62 in do_system () from /lib64/libc.so.6
#2  0x00002afe9fa01e6f in TUnixSystem::StackTrace() () from /cvmfs/sft.cern.ch/lcg/app/releases/ROOT/5.34.36/x86_64-slc6-gcc48-opt/root/lib/libCore.so
#3  0x00002afe9fa039ec in TUnixSystem::DispatchSignals(ESignals) () from /cvmfs/sft.cern.ch/lcg/app/releases/ROOT/5.34.36/x86_64-slc6-gcc48-opt/root/lib/libCore.so
#4  <signal handler called>
#5  0x000000000040718f in main ()
===========================================================


The lines below might hint at the cause of the crash.
If they do not help you then please submit a bug report at
http://root.cern.ch/bugs. Please post the ENTIRE stack trace
from above as an attachment in addition to anything else
that might help us fixing this issue.
===========================================================
#5  0x000000000040718f in main ()
===========================================================


Error in <TSystem::ExpandFileName>: input: $HOME/.root.mimes, output: $HOME/.root.mimes

 *** Break *** segmentation violation



===========================================================
There was a crash.
This is the entire stack trace of all threads:
===========================================================
#0  0x00002b82b0d3c60c in waitpid () from /lib64/libc.so.6
#1  0x00002b82b0cb9f62 in do_system () from /lib64/libc.so.6
#2  0x00002b82acaf5e6f in TUnixSystem::StackTrace() () from /cvmfs/sft.cern.ch/lcg/app/releases/ROOT/5.34.36/x86_64-slc6-gcc48-opt/root/lib/libCore.so
#3  0x00002b82acaf79ec in TUnixSystem::DispatchSignals(ESignals) () from /cvmfs/sft.cern.ch/lcg/app/releases/ROOT/5.34.36/x86_64-slc6-gcc48-opt/root/lib/libCore.so
#4  <signal handler called>
#5  GetCond (id=0, this=<optimized out>) at EdbDataSet.h:89
#6  EdbDataProc::InitVolume (this=this
entry=0x1a27350, ali=0x1a27500, datatype=datatype
entry=0, trseg=trseg
entry=0x0) at EdbDataSet.cxx:2162
#7  0x00002b82af5e1f24 in EdbDataProc::InitVolume (this=0x1a27350, datatype=0, rcut=0x419494 "1") at EdbDataSet.cxx:2085
#8  0x0000000000403e1c in read_nodes_lnkdef(char*) ()
#9  0x0000000000409fe3 in main ()
===========================================================


The lines below might hint at the cause of the crash.
If they do not help you then please submit a bug report at
http://root.cern.ch/bugs. Please post the ENTIRE stack trace
from above as an attachment in addition to anything else
that might help us fixing this issue.
===========================================================
#5  GetCond (id=0, this=<optimized out>) at EdbDataSet.h:89
#6  EdbDataProc::InitVolume (this=this
entry=0x1a27350, ali=0x1a27500, datatype=datatype
entry=0, trseg=trseg
entry=0x0) at EdbDataSet.cxx:2162
#7  0x00002b82af5e1f24 in EdbDataProc::InitVolume (this=0x1a27350, datatype=0, rcut=0x419494 "1") at EdbDataSet.cxx:2085
#8  0x0000000000403e1c in read_nodes_lnkdef(char*) ()
#9  0x0000000000409fe3 in main ()
===========================================================


Error in <TSystem::ExpandFileName>: input: $HOME/.root.mimes, output: $HOME/.root.mimes

 *** Break *** segmentation violation



===========================================================
There was a crash.
This is the entire stack trace of all threads:
===========================================================
#0  0x00002b5dd061260c in waitpid () from /lib64/libc.so.6
#1  0x00002b5dd058ff62 in do_system () from /lib64/libc.so.6
#2  0x00002b5dcc3cbe6f in TUnixSystem::StackTrace() () from /cvmfs/sft.cern.ch/lcg/app/releases/ROOT/5.34.36/x86_64-slc6-gcc48-opt/root/lib/libCore.so
#3  0x00002b5dcc3cd9ec in TUnixSystem::DispatchSignals(ESignals) () from /cvmfs/sft.cern.ch/lcg/app/releases/ROOT/5.34.36/x86_64-slc6-gcc48-opt/root/lib/libCore.so
#4  <signal handler called>
#5  GetCond (id=0, this=<optimized out>) at EdbDataSet.h:89
#6  EdbDataProc::InitVolume (this=this
entry=0x142b350, ali=0x142b500, datatype=datatype
entry=0, trseg=trseg
entry=0x0) at EdbDataSet.cxx:2162
#7  0x00002b5dceeb7f24 in EdbDataProc::InitVolume (this=0x142b350, datatype=0, rcut=0x419494 "1") at EdbDataSet.cxx:2085
#8  0x0000000000403e1c in read_nodes_lnkdef(char*) ()
#9  0x0000000000409fe3 in main ()
===========================================================


The lines below might hint at the cause of the crash.
If they do not help you then please submit a bug report at
http://root.cern.ch/bugs. Please post the ENTIRE stack trace
from above as an attachment in addition to anything else
that might help us fixing this issue.
===========================================================
#5  GetCond (id=0, this=<optimized out>) at EdbDataSet.h:89
#6  EdbDataProc::InitVolume (this=this
entry=0x142b350, ali=0x142b500, datatype=datatype
entry=0, trseg=trseg
entry=0x0) at EdbDataSet.cxx:2162
#7  0x00002b5dceeb7f24 in EdbDataProc::InitVolume (this=0x142b350, datatype=0, rcut=0x419494 "1") at EdbDataSet.cxx:2085
#8  0x0000000000403e1c in read_nodes_lnkdef(char*) ()
#9  0x0000000000409fe3 in main ()
===========================================================


Error in <TSystem::ExpandFileName>: input: $HOME/.root.mimes, output: $HOME/.root.mimes

 *** Break *** segmentation violation



===========================================================
There was a crash.
This is the entire stack trace of all threads:
===========================================================
#0  0x00002b2838a4060c in waitpid () from /lib64/libc.so.6
#1  0x00002b28389bdf62 in do_system () from /lib64/libc.so.6
#2  0x00002b28347f9e6f in TUnixSystem::StackTrace() () from /cvmfs/sft.cern.ch/lcg/app/releases/ROOT/5.34.36/x86_64-slc6-gcc48-opt/root/lib/libCore.so
#3  0x00002b28347fb9ec in TUnixSystem::DispatchSignals(ESignals) () from /cvmfs/sft.cern.ch/lcg/app/releases/ROOT/5.34.36/x86_64-slc6-gcc48-opt/root/lib/libCore.so
#4  <signal handler called>
#5  GetCond (id=0, this=<optimized out>) at EdbDataSet.h:89
#6  EdbDataProc::InitVolume (this=this
entry=0x25f4350, ali=0x25f4500, datatype=datatype
entry=0, trseg=trseg
entry=0x0) at EdbDataSet.cxx:2162
#7  0x00002b28372e5f24 in EdbDataProc::InitVolume (this=0x25f4350, datatype=0, rcut=0x419494 "1") at EdbDataSet.cxx:2085
#8  0x0000000000403e1c in read_nodes_lnkdef(char*) ()
#9  0x0000000000409fe3 in main ()
===========================================================


The lines below might hint at the cause of the crash.
If they do not help you then please submit a bug report at
http://root.cern.ch/bugs. Please post the ENTIRE stack trace
from above as an attachment in addition to anything else
that might help us fixing this issue.
===========================================================
#5  GetCond (id=0, this=<optimized out>) at EdbDataSet.h:89
#6  EdbDataProc::InitVolume (this=this
entry=0x25f4350, ali=0x25f4500, datatype=datatype
entry=0, trseg=trseg
entry=0x0) at EdbDataSet.cxx:2162
#7  0x00002b28372e5f24 in EdbDataProc::InitVolume (this=0x25f4350, datatype=0, rcut=0x419494 "1") at EdbDataSet.cxx:2085
#8  0x0000000000403e1c in read_nodes_lnkdef(char*) ()
#9  0x0000000000409fe3 in main ()
===========================================================


Error in <TSystem::ExpandFileName>: input: $HOME/.root.mimes, output: $HOME/.root.mimes

 *** Break *** segmentation violation



===========================================================
There was a crash.
This is the entire stack trace of all threads:
===========================================================
#0  0x00002b9751de860c in waitpid () from /lib64/libc.so.6
#1  0x00002b9751d65f62 in do_system () from /lib64/libc.so.6
#2  0x00002b974dba1e6f in TUnixSystem::StackTrace() () from /cvmfs/sft.cern.ch/lcg/app/releases/ROOT/5.34.36/x86_64-slc6-gcc48-opt/root/lib/libCore.so
#3  0x00002b974dba39ec in TUnixSystem::DispatchSignals(ESignals) () from /cvmfs/sft.cern.ch/lcg/app/releases/ROOT/5.34.36/x86_64-slc6-gcc48-opt/root/lib/libCore.so
#4  <signal handler called>
#5  GetCond (id=0, this=<optimized out>) at EdbDataSet.h:89
#6  EdbDataProc::InitVolume (this=this
entry=0xd02350, ali=0xd02500, datatype=datatype
entry=0, trseg=trseg
entry=0x0) at EdbDataSet.cxx:2162
#7  0x00002b975068df24 in EdbDataProc::InitVolume (this=0xd02350, datatype=0, rcut=0x419494 "1") at EdbDataSet.cxx:2085
#8  0x0000000000403e1c in read_nodes_lnkdef(char*) ()
#9  0x0000000000409fe3 in main ()
===========================================================


The lines below might hint at the cause of the crash.
If they do not help you then please submit a bug report at
http://root.cern.ch/bugs. Please post the ENTIRE stack trace
from above as an attachment in addition to anything else
that might help us fixing this issue.
===========================================================
#5  GetCond (id=0, this=<optimized out>) at EdbDataSet.h:89
#6  EdbDataProc::InitVolume (this=this
entry=0xd02350, ali=0xd02500, datatype=datatype
entry=0, trseg=trseg
entry=0x0) at EdbDataSet.cxx:2162
#7  0x00002b975068df24 in EdbDataProc::InitVolume (this=0xd02350, datatype=0, rcut=0x419494 "1") at EdbDataSet.cxx:2085
#8  0x0000000000403e1c in read_nodes_lnkdef(char*) ()
#9  0x0000000000409fe3 in main ()
===========================================================


Error in <TSystem::ExpandFileName>: input: $HOME/.root.mimes, output: $HOME/.root.mimes

 *** Break *** segmentation violation



===========================================================
There was a crash.
This is the entire stack trace of all threads:
===========================================================
#0  0x00002b61435c260c in waitpid () from /lib64/libc.so.6
#1  0x00002b614353ff62 in do_system () from /lib64/libc.so.6
#2  0x00002b613f37be6f in TUnixSystem::StackTrace() () from /cvmfs/sft.cern.ch/lcg/app/releases/ROOT/5.34.36/x86_64-slc6-gcc48-opt/root/lib/libCore.so
#3  0x00002b613f37d9ec in TUnixSystem::DispatchSignals(ESignals) () from /cvmfs/sft.cern.ch/lcg/app/releases/ROOT/5.34.36/x86_64-slc6-gcc48-opt/root/lib/libCore.so
#4  <signal handler called>
#5  GetCond (id=0, this=<optimized out>) at EdbDataSet.h:89
#6  EdbDataProc::InitVolume (this=this
entry=0x1bf4350, ali=0x1bf4500, datatype=datatype
entry=0, trseg=trseg
entry=0x0) at EdbDataSet.cxx:2162
#7  0x00002b6141e67f24 in EdbDataProc::InitVolume (this=0x1bf4350, datatype=0, rcut=0x419494 "1") at EdbDataSet.cxx:2085
#8  0x0000000000403e1c in read_nodes_lnkdef(char*) ()
#9  0x0000000000409fe3 in main ()
===========================================================


The lines below might hint at the cause of the crash.
If they do not help you then please submit a bug report at
http://root.cern.ch/bugs. Please post the ENTIRE stack trace
from above as an attachment in addition to anything else
that might help us fixing this issue.
===========================================================
#5  GetCond (id=0, this=<optimized out>) at EdbDataSet.h:89
#6  EdbDataProc::InitVolume (this=this
entry=0x1bf4350, ali=0x1bf4500, datatype=datatype
entry=0, trseg=trseg
entry=0x0) at EdbDataSet.cxx:2162
#7  0x00002b6141e67f24 in EdbDataProc::InitVolume (this=0x1bf4350, datatype=0, rcut=0x419494 "1") at EdbDataSet.cxx:2085
#8  0x0000000000403e1c in read_nodes_lnkdef(char*) ()
#9  0x0000000000409fe3 in main ()
===========================================================


Error in <TSystem::ExpandFileName>: input: $HOME/.root.mimes, output: $HOME/.root.mimes

 *** Break *** segmentation violation



===========================================================
There was a crash.
This is the entire stack trace of all threads:
===========================================================
#0  0x00002ab3b143260c in waitpid () from /lib64/libc.so.6
#1  0x00002ab3b13aff62 in do_system () from /lib64/libc.so.6
#2  0x00002ab3ad1ebe6f in TUnixSystem::StackTrace() () from /cvmfs/sft.cern.ch/lcg/app/releases/ROOT/5.34.36/x86_64-slc6-gcc48-opt/root/lib/libCore.so
#3  0x00002ab3ad1ed9ec in TUnixSystem::DispatchSignals(ESignals) () from /cvmfs/sft.cern.ch/lcg/app/releases/ROOT/5.34.36/x86_64-slc6-gcc48-opt/root/lib/libCore.so
#4  <signal handler called>
#5  GetCond (id=0, this=<optimized out>) at EdbDataSet.h:89
#6  EdbDataProc::InitVolume (this=this
entry=0xfd7350, ali=0xfd7500, datatype=datatype
entry=0, trseg=trseg
entry=0x0) at EdbDataSet.cxx:2162
#7  0x00002ab3afcd7f24 in EdbDataProc::InitVolume (this=0xfd7350, datatype=0, rcut=0x419494 "1") at EdbDataSet.cxx:2085
#8  0x0000000000403e1c in read_nodes_lnkdef(char*) ()
#9  0x0000000000409fe3 in main ()
===========================================================


The lines below might hint at the cause of the crash.
If they do not help you then please submit a bug report at
http://root.cern.ch/bugs. Please post the ENTIRE stack trace
from above as an attachment in addition to anything else
that might help us fixing this issue.
===========================================================
#5  GetCond (id=0, this=<optimized out>) at EdbDataSet.h:89
#6  EdbDataProc::InitVolume (this=this
entry=0xfd7350, ali=0xfd7500, datatype=datatype
entry=0, trseg=trseg
entry=0x0) at EdbDataSet.cxx:2162
#7  0x00002ab3afcd7f24 in EdbDataProc::InitVolume (this=0xfd7350, datatype=0, rcut=0x419494 "1") at EdbDataSet.cxx:2085
#8  0x0000000000403e1c in read_nodes_lnkdef(char*) ()
#9  0x0000000000409fe3 in main ()
===========================================================


Error in <TSystem::ExpandFileName>: input: $HOME/.root.mimes, output: $HOME/.root.mimes

 *** Break *** segmentation violation



===========================================================
There was a crash.
This is the entire stack trace of all threads:
===========================================================
#0  0x00002ae8f5e6c60c in waitpid () from /lib64/libc.so.6
#1  0x00002ae8f5de9f62 in do_system () from /lib64/libc.so.6
#2  0x00002ae8f1c25e6f in TUnixSystem::StackTrace() () from /cvmfs/sft.cern.ch/lcg/app/releases/ROOT/5.34.36/x86_64-slc6-gcc48-opt/root/lib/libCore.so
#3  0x00002ae8f1c279ec in TUnixSystem::DispatchSignals(ESignals) () from /cvmfs/sft.cern.ch/lcg/app/releases/ROOT/5.34.36/x86_64-slc6-gcc48-opt/root/lib/libCore.so
#4  <signal handler called>
#5  GetCond (id=0, this=<optimized out>) at EdbDataSet.h:89
#6  EdbDataProc::InitVolume (this=this
entry=0x2bf6350, ali=0x2bf6500, datatype=datatype
entry=0, trseg=trseg
entry=0x0) at EdbDataSet.cxx:2162
#7  0x00002ae8f4711f24 in EdbDataProc::InitVolume (this=0x2bf6350, datatype=0, rcut=0x419494 "1") at EdbDataSet.cxx:2085
#8  0x0000000000403e1c in read_nodes_lnkdef(char*) ()
#9  0x0000000000409fe3 in main ()
===========================================================


The lines below might hint at the cause of the crash.
If they do not help you then please submit a bug report at
http://root.cern.ch/bugs. Please post the ENTIRE stack trace
from above as an attachment in addition to anything else
that might help us fixing this issue.
===========================================================
#5  GetCond (id=0, this=<optimized out>) at EdbDataSet.h:89
#6  EdbDataProc::InitVolume (this=this
entry=0x2bf6350, ali=0x2bf6500, datatype=datatype
entry=0, trseg=trseg
entry=0x0) at EdbDataSet.cxx:2162
#7  0x00002ae8f4711f24 in EdbDataProc::InitVolume (this=0x2bf6350, datatype=0, rcut=0x419494 "1") at EdbDataSet.cxx:2085
#8  0x0000000000403e1c in read_nodes_lnkdef(char*) ()
#9  0x0000000000409fe3 in main ()
===========================================================


Error in <TSystem::ExpandFileName>: input: $HOME/.root.mimes, output: $HOME/.root.mimes

 *** Break *** segmentation violation



===========================================================
There was a crash.
This is the entire stack trace of all threads:
===========================================================
#0  0x00002b3f7556560c in waitpid () from /lib64/libc.so.6
#1  0x00002b3f754e2f62 in do_system () from /lib64/libc.so.6
#2  0x00002b3f7131ee6f in TUnixSystem::StackTrace() () from /cvmfs/sft.cern.ch/lcg/app/releases/ROOT/5.34.36/x86_64-slc6-gcc48-opt/root/lib/libCore.so
#3  0x00002b3f713209ec in TUnixSystem::DispatchSignals(ESignals) () from /cvmfs/sft.cern.ch/lcg/app/releases/ROOT/5.34.36/x86_64-slc6-gcc48-opt/root/lib/libCore.so
#4  <signal handler called>
#5  GetCond (id=0, this=<optimized out>) at EdbDataSet.h:89
#6  EdbDataProc::InitVolume (this=this
entry=0x22d4350, ali=0x22d4500, datatype=datatype
entry=0, trseg=trseg
entry=0x0) at EdbDataSet.cxx:2162
#7  0x00002b3f73e0af24 in EdbDataProc::InitVolume (this=0x22d4350, datatype=0, rcut=0x419494 "1") at EdbDataSet.cxx:2085
#8  0x0000000000403e1c in read_nodes_lnkdef(char*) ()
#9  0x0000000000409fe3 in main ()
===========================================================


The lines below might hint at the cause of the crash.
If they do not help you then please submit a bug report at
http://root.cern.ch/bugs. Please post the ENTIRE stack trace
from above as an attachment in addition to anything else
that might help us fixing this issue.
===========================================================
#5  GetCond (id=0, this=<optimized out>) at EdbDataSet.h:89
#6  EdbDataProc::InitVolume (this=this
entry=0x22d4350, ali=0x22d4500, datatype=datatype
entry=0, trseg=trseg
entry=0x0) at EdbDataSet.cxx:2162
#7  0x00002b3f73e0af24 in EdbDataProc::InitVolume (this=0x22d4350, datatype=0, rcut=0x419494 "1") at EdbDataSet.cxx:2085
#8  0x0000000000403e1c in read_nodes_lnkdef(char*) ()
#9  0x0000000000409fe3 in main ()
===========================================================


